#-----------------------------------------------------------
# Vivado v2018.3 (64-bit)
# SW Build 2405991 on Thu Dec  6 23:38:27 MST 2018
# IP Build 2404404 on Fri Dec  7 01:43:56 MST 2018
# Start of session at: Thu Nov 24 23:02:39 2022
# Process ID: 10900
# Current directory: C:/Users/Administrator/Desktop/Code/verilog-base/ID_Display
# Command line: vivado.exe -gui_launcher_event rodinguilauncherevent5768 C:\Users\Administrator\Desktop\Code\verilog-base\ID_Display\ID_Display.xpr
# Log file: C:/Users/Administrator/Desktop/Code/verilog-base/ID_Display/vivado.log
# Journal file: C:/Users/Administrator/Desktop/Code/verilog-base/ID_Display\vivado.jou
#-----------------------------------------------------------
start_gui
open_project C:/Users/Administrator/Desktop/Code/verilog-base/ID_Display/ID_Display.xpr
INFO: [Project 1-313] Project file moved from 'C:/Users/Administrator/Desktop/MyVivadoProject/ID_Display' since last save.
Scanning sources...
Finished scanning sources
WARNING: [filemgmt 56-2] IPUserFilesDir: Could not find the directory 'C:/Users/Administrator/Desktop/Code/verilog-base/ID_Display/ID_Display.ip_user_files', nor could it be found using path 'C:/Users/Administrator/Desktop/MyVivadoProject/ID_Display/ID_Display.ip_user_files'.
INFO: [IP_Flow 19-234] Refreshing IP repositories
INFO: [IP_Flow 19-1704] No user IP repositories specified
INFO: [IP_Flow 19-2313] Loaded Vivado IP repository 'E:/Xlinx/Vivado/2018.3/data/ip'.
open_project: Time (s): cpu = 00:00:17 ; elapsed = 00:00:06 . Memory (MB): peak = 722.656 ; gain = 120.883
