
*** Running vivado
    with args -log time_display.vds -m64 -product Vivado -mode batch -messageDb vivado.pb -notrace -source time_display.tcl


****** Vivado v2018.3 (64-bit)
  **** SW Build 2405991 on Thu Dec  6 23:38:27 MST 2018
  **** IP Build 2404404 on Fri Dec  7 01:43:56 MST 2018
    ** Copyright 1986-2018 Xilinx, Inc. All Rights Reserved.

source time_display.tcl -notrace
Command: synth_design -top time_display -part xc7a35tcsg324-1
Starting synth_design
Attempting to get a license for feature 'Synthesis' and/or device 'xc7a35t'
INFO: [Common 17-349] Got license for feature 'Synthesis' and/or device 'xc7a35t'
INFO: Launching helper process for spawning children vivado processes
INFO: Helper process launched with PID 13940 
---------------------------------------------------------------------------------
Starting RTL Elaboration : Time (s): cpu = 00:00:02 ; elapsed = 00:00:02 . Memory (MB): peak = 363.578 ; gain = 101.074
---------------------------------------------------------------------------------
INFO: [Synth 8-6157] synthesizing module 'time_display' [C:/Users/Administrator/Downloads/LANDrop/Seg-Time-Display/Seg-Time-Display.srcs/sources_1/new/time_display.v:23]
INFO: [Synth 8-6157] synthesizing module 'frequency_division' [C:/Users/Administrator/Downloads/LANDrop/Seg-Time-Display/Seg-Time-Display.srcs/sources_1/new/frequency_division.v:23]
	Parameter Original_Frequency bound to: 100000000 - type: integer 
	Parameter Output_Frequency bound to: 1 - type: integer 
	Parameter Division_Num bound to: 100000000 - type: integer 
INFO: [Synth 8-6155] done synthesizing module 'frequency_division' (1#1) [C:/Users/Administrator/Downloads/LANDrop/Seg-Time-Display/Seg-Time-Display.srcs/sources_1/new/frequency_division.v:23]
INFO: [Synth 8-6157] synthesizing module 'multi_segs_controller' [C:/Users/Administrator/Downloads/LANDrop/Seg-Time-Display/Seg-Time-Display.srcs/sources_1/new/multi_segs_controller.v:23]
	Parameter shining_frequency bound to: 1000 - type: integer 
INFO: [Synth 8-6157] synthesizing module 'frequency_division__parameterized0' [C:/Users/Administrator/Downloads/LANDrop/Seg-Time-Display/Seg-Time-Display.srcs/sources_1/new/frequency_division.v:23]
	Parameter Original_Frequency bound to: 100000000 - type: integer 
	Parameter Output_Frequency bound to: 1000 - type: integer 
	Parameter Division_Num bound to: 100000 - type: integer 
INFO: [Synth 8-6155] done synthesizing module 'frequency_division__parameterized0' (1#1) [C:/Users/Administrator/Downloads/LANDrop/Seg-Time-Display/Seg-Time-Display.srcs/sources_1/new/frequency_division.v:23]
INFO: [Synth 8-6157] synthesizing module 'seg_single_display' [C:/Users/Administrator/Downloads/LANDrop/Seg-Time-Display/Seg-Time-Display.srcs/sources_1/new/seg_single_display.v:23]
INFO: [Synth 8-6155] done synthesizing module 'seg_single_display' (2#1) [C:/Users/Administrator/Downloads/LANDrop/Seg-Time-Display/Seg-Time-Display.srcs/sources_1/new/seg_single_display.v:23]
INFO: [Synth 8-6155] done synthesizing module 'multi_segs_controller' (3#1) [C:/Users/Administrator/Downloads/LANDrop/Seg-Time-Display/Seg-Time-Display.srcs/sources_1/new/multi_segs_controller.v:23]
INFO: [Synth 8-6155] done synthesizing module 'time_display' (4#1) [C:/Users/Administrator/Downloads/LANDrop/Seg-Time-Display/Seg-Time-Display.srcs/sources_1/new/time_display.v:23]
WARNING: [Synth 8-3331] design frequency_division__parameterized0 has unconnected port sys_rst_n
WARNING: [Synth 8-3331] design frequency_division has unconnected port sys_rst_n
---------------------------------------------------------------------------------
Finished RTL Elaboration : Time (s): cpu = 00:00:02 ; elapsed = 00:00:02 . Memory (MB): peak = 419.699 ; gain = 157.195
---------------------------------------------------------------------------------

Report Check Netlist: 
+------+------------------+-------+---------+-------+------------------+
|      |Item              |Errors |Warnings |Status |Description       |
+------+------------------+-------+---------+-------+------------------+
|1     |multi_driven_nets |      0|        0|Passed |Multi driven nets |
+------+------------------+-------+---------+-------+------------------+
---------------------------------------------------------------------------------
Start Handling Custom Attributes
---------------------------------------------------------------------------------
---------------------------------------------------------------------------------
Finished Handling Custom Attributes : Time (s): cpu = 00:00:03 ; elapsed = 00:00:02 . Memory (MB): peak = 419.699 ; gain = 157.195
---------------------------------------------------------------------------------
---------------------------------------------------------------------------------
Finished RTL Optimization Phase 1 : Time (s): cpu = 00:00:03 ; elapsed = 00:00:02 . Memory (MB): peak = 419.699 ; gain = 157.195
---------------------------------------------------------------------------------
INFO: [Device 21-403] Loading part xc7a35tcsg324-1
INFO: [Project 1-570] Preparing netlist for logic optimization

Processing XDC Constraints
Initializing timing engine
Parsing XDC File [C:/Users/Administrator/Downloads/LANDrop/Seg-Time-Display/Seg-Time-Display.srcs/constrs_1/new/top.xdc]
CRITICAL WARNING: [Designutils 20-1307] Command '/////////////////////////////Á≥ªÁªüÊó∂ÈíüÂíåÂ§ç‰Ω?///////////////////////////////////' is not supported in the xdc constraint file. [C:/Users/Administrator/Downloads/LANDrop/Seg-Time-Display/Seg-Time-Display.srcs/constrs_1/new/top.xdc:1]
CRITICAL WARNING: [Designutils 20-1307] Command '/////////////////////////////‰∏≤Âè£/////////////////////////////////////////////' is not supported in the xdc constraint file. [C:/Users/Administrator/Downloads/LANDrop/Seg-Time-Display/Seg-Time-Display.srcs/constrs_1/new/top.xdc:5]
WARNING: [Vivado 12-584] No ports matched 'PC_Uart_rxd'. [C:/Users/Administrator/Downloads/LANDrop/Seg-Time-Display/Seg-Time-Display.srcs/constrs_1/new/top.xdc:6]
CRITICAL WARNING: [Common 17-55] 'set_property' expects at least one object. [C:/Users/Administrator/Downloads/LANDrop/Seg-Time-Display/Seg-Time-Display.srcs/constrs_1/new/top.xdc:6]
Resolution: If [get_<value>] was used to populate the object, check to make sure this command returns at least one valid object.
WARNING: [Vivado 12-584] No ports matched 'PC_Uart_txd'. [C:/Users/Administrator/Downloads/LANDrop/Seg-Time-Display/Seg-Time-Display.srcs/constrs_1/new/top.xdc:7]
CRITICAL WARNING: [Common 17-55] 'set_property' expects at least one object. [C:/Users/Administrator/Downloads/LANDrop/Seg-Time-Display/Seg-Time-Display.srcs/constrs_1/new/top.xdc:7]
Resolution: If [get_<value>] was used to populate the object, check to make sure this command returns at least one valid object.
CRITICAL WARNING: [Designutils 20-1307] Command '////////////////////////////////ËìùÁâô///////////////////////////////////////////' is not supported in the xdc constraint file. [C:/Users/Administrator/Downloads/LANDrop/Seg-Time-Display/Seg-Time-Display.srcs/constrs_1/new/top.xdc:9]
WARNING: [Vivado 12-584] No ports matched 'BT_Uart_rxd'. [C:/Users/Administrator/Downloads/LANDrop/Seg-Time-Display/Seg-Time-Display.srcs/constrs_1/new/top.xdc:10]
CRITICAL WARNING: [Common 17-55] 'set_property' expects at least one object. [C:/Users/Administrator/Downloads/LANDrop/Seg-Time-Display/Seg-Time-Display.srcs/constrs_1/new/top.xdc:10]
Resolution: If [get_<value>] was used to populate the object, check to make sure this command returns at least one valid object.
WARNING: [Vivado 12-584] No ports matched 'BT_Uart_txd'. [C:/Users/Administrator/Downloads/LANDrop/Seg-Time-Display/Seg-Time-Display.srcs/constrs_1/new/top.xdc:11]
CRITICAL WARNING: [Common 17-55] 'set_property' expects at least one object. [C:/Users/Administrator/Downloads/LANDrop/Seg-Time-Display/Seg-Time-Display.srcs/constrs_1/new/top.xdc:11]
Resolution: If [get_<value>] was used to populate the object, check to make sure this command returns at least one valid object.
WARNING: [Vivado 12-584] No ports matched 'bt_ctrl_o[0]'. [C:/Users/Administrator/Downloads/LANDrop/Seg-Time-Display/Seg-Time-Display.srcs/constrs_1/new/top.xdc:13]
CRITICAL WARNING: [Common 17-55] 'set_property' expects at least one object. [C:/Users/Administrator/Downloads/LANDrop/Seg-Time-Display/Seg-Time-Display.srcs/constrs_1/new/top.xdc:13]
Resolution: If [get_<value>] was used to populate the object, check to make sure this command returns at least one valid object.
WARNING: [Vivado 12-584] No ports matched 'bt_ctrl_o[1]'. [C:/Users/Administrator/Downloads/LANDrop/Seg-Time-Display/Seg-Time-Display.srcs/constrs_1/new/top.xdc:14]
CRITICAL WARNING: [Common 17-55] 'set_property' expects at least one object. [C:/Users/Administrator/Downloads/LANDrop/Seg-Time-Display/Seg-Time-Display.srcs/constrs_1/new/top.xdc:14]
Resolution: If [get_<value>] was used to populate the object, check to make sure this command returns at least one valid object.
WARNING: [Vivado 12-584] No ports matched 'bt_ctrl_o[2]'. [C:/Users/Administrator/Downloads/LANDrop/Seg-Time-Display/Seg-Time-Display.srcs/constrs_1/new/top.xdc:15]
CRITICAL WARNING: [Common 17-55] 'set_property' expects at least one object. [C:/Users/Administrator/Downloads/LANDrop/Seg-Time-Display/Seg-Time-Display.srcs/constrs_1/new/top.xdc:15]
Resolution: If [get_<value>] was used to populate the object, check to make sure this command returns at least one valid object.
WARNING: [Vivado 12-584] No ports matched 'bt_ctrl_o[3]'. [C:/Users/Administrator/Downloads/LANDrop/Seg-Time-Display/Seg-Time-Display.srcs/constrs_1/new/top.xdc:16]
CRITICAL WARNING: [Common 17-55] 'set_property' expects at least one object. [C:/Users/Administrator/Downloads/LANDrop/Seg-Time-Display/Seg-Time-Display.srcs/constrs_1/new/top.xdc:16]
Resolution: If [get_<value>] was used to populate the object, check to make sure this command returns at least one valid object.
WARNING: [Vivado 12-584] No ports matched 'bt_ctrl_o[4]'. [C:/Users/Administrator/Downloads/LANDrop/Seg-Time-Display/Seg-Time-Display.srcs/constrs_1/new/top.xdc:17]
CRITICAL WARNING: [Common 17-55] 'set_property' expects at least one object. [C:/Users/Administrator/Downloads/LANDrop/Seg-Time-Display/Seg-Time-Display.srcs/constrs_1/new/top.xdc:17]
Resolution: If [get_<value>] was used to populate the object, check to make sure this command returns at least one valid object.
WARNING: [Vivado 12-584] No ports matched 'bt_mcu_int_i'. [C:/Users/Administrator/Downloads/LANDrop/Seg-Time-Display/Seg-Time-Display.srcs/constrs_1/new/top.xdc:19]
CRITICAL WARNING: [Common 17-55] 'set_property' expects at least one object. [C:/Users/Administrator/Downloads/LANDrop/Seg-Time-Display/Seg-Time-Display.srcs/constrs_1/new/top.xdc:19]
Resolution: If [get_<value>] was used to populate the object, check to make sure this command returns at least one valid object.
CRITICAL WARNING: [Designutils 20-1307] Command '///////////////////////////////Èü≥È¢ëÊé•Âè£////////////////////////////////////////' is not supported in the xdc constraint file. [C:/Users/Administrator/Downloads/LANDrop/Seg-Time-Display/Seg-Time-Display.srcs/constrs_1/new/top.xdc:21]
WARNING: [Vivado 12-584] No ports matched 'audio_pwm_o'. [C:/Users/Administrator/Downloads/LANDrop/Seg-Time-Display/Seg-Time-Display.srcs/constrs_1/new/top.xdc:22]
CRITICAL WARNING: [Common 17-55] 'set_property' expects at least one object. [C:/Users/Administrator/Downloads/LANDrop/Seg-Time-Display/Seg-Time-Display.srcs/constrs_1/new/top.xdc:22]
Resolution: If [get_<value>] was used to populate the object, check to make sure this command returns at least one valid object.
WARNING: [Vivado 12-584] No ports matched 'audio_sd_o'. [C:/Users/Administrator/Downloads/LANDrop/Seg-Time-Display/Seg-Time-Display.srcs/constrs_1/new/top.xdc:23]
CRITICAL WARNING: [Common 17-55] 'set_property' expects at least one object. [C:/Users/Administrator/Downloads/LANDrop/Seg-Time-Display/Seg-Time-Display.srcs/constrs_1/new/top.xdc:23]
Resolution: If [get_<value>] was used to populate the object, check to make sure this command returns at least one valid object.
CRITICAL WARNING: [Designutils 20-1307] Command '//////////////////////////////////iic////////////////////////////////////////////' is not supported in the xdc constraint file. [C:/Users/Administrator/Downloads/LANDrop/Seg-Time-Display/Seg-Time-Display.srcs/constrs_1/new/top.xdc:25]
WARNING: [Vivado 12-584] No ports matched 'pw_iic_scl_io'. [C:/Users/Administrator/Downloads/LANDrop/Seg-Time-Display/Seg-Time-Display.srcs/constrs_1/new/top.xdc:26]
CRITICAL WARNING: [Common 17-55] 'set_property' expects at least one object. [C:/Users/Administrator/Downloads/LANDrop/Seg-Time-Display/Seg-Time-Display.srcs/constrs_1/new/top.xdc:26]
Resolution: If [get_<value>] was used to populate the object, check to make sure this command returns at least one valid object.
WARNING: [Vivado 12-584] No ports matched 'pw_iic_sda_io'. [C:/Users/Administrator/Downloads/LANDrop/Seg-Time-Display/Seg-Time-Display.srcs/constrs_1/new/top.xdc:27]
CRITICAL WARNING: [Common 17-55] 'set_property' expects at least one object. [C:/Users/Administrator/Downloads/LANDrop/Seg-Time-Display/Seg-Time-Display.srcs/constrs_1/new/top.xdc:27]
Resolution: If [get_<value>] was used to populate the object, check to make sure this command returns at least one valid object.
CRITICAL WARNING: [Designutils 20-1307] Command '//////////////////////////////////XADCÊ®°Êï∞ËΩ¨Êç¢///////////////////////////////////' is not supported in the xdc constraint file. [C:/Users/Administrator/Downloads/LANDrop/Seg-Time-Display/Seg-Time-Display.srcs/constrs_1/new/top.xdc:29]
WARNING: [Vivado 12-584] No ports matched 'XADC_AUX_v_n'. [C:/Users/Administrator/Downloads/LANDrop/Seg-Time-Display/Seg-Time-Display.srcs/constrs_1/new/top.xdc:30]
CRITICAL WARNING: [Common 17-55] 'set_property' expects at least one object. [C:/Users/Administrator/Downloads/LANDrop/Seg-Time-Display/Seg-Time-Display.srcs/constrs_1/new/top.xdc:30]
Resolution: If [get_<value>] was used to populate the object, check to make sure this command returns at least one valid object.
WARNING: [Vivado 12-584] No ports matched 'XADC_AUX_v_p'. [C:/Users/Administrator/Downloads/LANDrop/Seg-Time-Display/Seg-Time-Display.srcs/constrs_1/new/top.xdc:31]
CRITICAL WARNING: [Common 17-55] 'set_property' expects at least one object. [C:/Users/Administrator/Downloads/LANDrop/Seg-Time-Display/Seg-Time-Display.srcs/constrs_1/new/top.xdc:31]
Resolution: If [get_<value>] was used to populate the object, check to make sure this command returns at least one valid object.
WARNING: [Vivado 12-584] No ports matched 'XADC_VP_VN_v_n'. [C:/Users/Administrator/Downloads/LANDrop/Seg-Time-Display/Seg-Time-Display.srcs/constrs_1/new/top.xdc:32]
CRITICAL WARNING: [Common 17-55] 'set_property' expects at least one object. [C:/Users/Administrator/Downloads/LANDrop/Seg-Time-Display/Seg-Time-Display.srcs/constrs_1/new/top.xdc:32]
Resolution: If [get_<value>] was used to populate the object, check to make sure this command returns at least one valid object.
WARNING: [Vivado 12-584] No ports matched 'XADC_VP_VN_v_p'. [C:/Users/Administrator/Downloads/LANDrop/Seg-Time-Display/Seg-Time-Display.srcs/constrs_1/new/top.xdc:33]
CRITICAL WARNING: [Common 17-55] 'set_property' expects at least one object. [C:/Users/Administrator/Downloads/LANDrop/Seg-Time-Display/Seg-Time-Display.srcs/constrs_1/new/top.xdc:33]
Resolution: If [get_<value>] was used to populate the object, check to make sure this command returns at least one valid object.
CRITICAL WARNING: [Designutils 20-1307] Command '/////////////////////////////////////5‰∏™ÊåâÈî?/////////////////////////////////////' is not supported in the xdc constraint file. [C:/Users/Administrator/Downloads/LANDrop/Seg-Time-Display/Seg-Time-Display.srcs/constrs_1/new/top.xdc:35]
WARNING: [Vivado 12-584] No ports matched 'btn_pin[0]'. [C:/Users/Administrator/Downloads/LANDrop/Seg-Time-Display/Seg-Time-Display.srcs/constrs_1/new/top.xdc:36]
CRITICAL WARNING: [Common 17-55] 'set_property' expects at least one object. [C:/Users/Administrator/Downloads/LANDrop/Seg-Time-Display/Seg-Time-Display.srcs/constrs_1/new/top.xdc:36]
Resolution: If [get_<value>] was used to populate the object, check to make sure this command returns at least one valid object.
WARNING: [Vivado 12-584] No ports matched 'btn_pin[1]'. [C:/Users/Administrator/Downloads/LANDrop/Seg-Time-Display/Seg-Time-Display.srcs/constrs_1/new/top.xdc:37]
CRITICAL WARNING: [Common 17-55] 'set_property' expects at least one object. [C:/Users/Administrator/Downloads/LANDrop/Seg-Time-Display/Seg-Time-Display.srcs/constrs_1/new/top.xdc:37]
Resolution: If [get_<value>] was used to populate the object, check to make sure this command returns at least one valid object.
WARNING: [Vivado 12-584] No ports matched 'btn_pin[2]'. [C:/Users/Administrator/Downloads/LANDrop/Seg-Time-Display/Seg-Time-Display.srcs/constrs_1/new/top.xdc:38]
CRITICAL WARNING: [Common 17-55] 'set_property' expects at least one object. [C:/Users/Administrator/Downloads/LANDrop/Seg-Time-Display/Seg-Time-Display.srcs/constrs_1/new/top.xdc:38]
Resolution: If [get_<value>] was used to populate the object, check to make sure this command returns at least one valid object.
WARNING: [Vivado 12-584] No ports matched 'btn_pin[3]'. [C:/Users/Administrator/Downloads/LANDrop/Seg-Time-Display/Seg-Time-Display.srcs/constrs_1/new/top.xdc:39]
CRITICAL WARNING: [Common 17-55] 'set_property' expects at least one object. [C:/Users/Administrator/Downloads/LANDrop/Seg-Time-Display/Seg-Time-Display.srcs/constrs_1/new/top.xdc:39]
Resolution: If [get_<value>] was used to populate the object, check to make sure this command returns at least one valid object.
WARNING: [Vivado 12-584] No ports matched 'btn_pin[4]'. [C:/Users/Administrator/Downloads/LANDrop/Seg-Time-Display/Seg-Time-Display.srcs/constrs_1/new/top.xdc:40]
CRITICAL WARNING: [Common 17-55] 'set_property' expects at least one object. [C:/Users/Administrator/Downloads/LANDrop/Seg-Time-Display/Seg-Time-Display.srcs/constrs_1/new/top.xdc:40]
Resolution: If [get_<value>] was used to populate the object, check to make sure this command returns at least one valid object.
CRITICAL WARNING: [Designutils 20-1307] Command '///////////////////////////////////Êã®Á†ÅÂºÄÂÖ≥sw0~sw7////////////////////////////////' is not supported in the xdc constraint file. [C:/Users/Administrator/Downloads/LANDrop/Seg-Time-Display/Seg-Time-Display.srcs/constrs_1/new/top.xdc:42]
WARNING: [Vivado 12-584] No ports matched 'sw_pin[0]'. [C:/Users/Administrator/Downloads/LANDrop/Seg-Time-Display/Seg-Time-Display.srcs/constrs_1/new/top.xdc:43]
CRITICAL WARNING: [Common 17-55] 'set_property' expects at least one object. [C:/Users/Administrator/Downloads/LANDrop/Seg-Time-Display/Seg-Time-Display.srcs/constrs_1/new/top.xdc:43]
Resolution: If [get_<value>] was used to populate the object, check to make sure this command returns at least one valid object.
WARNING: [Vivado 12-584] No ports matched 'sw_pin[1]'. [C:/Users/Administrator/Downloads/LANDrop/Seg-Time-Display/Seg-Time-Display.srcs/constrs_1/new/top.xdc:44]
CRITICAL WARNING: [Common 17-55] 'set_property' expects at least one object. [C:/Users/Administrator/Downloads/LANDrop/Seg-Time-Display/Seg-Time-Display.srcs/constrs_1/new/top.xdc:44]
Resolution: If [get_<value>] was used to populate the object, check to make sure this command returns at least one valid object.
WARNING: [Vivado 12-584] No ports matched 'sw_pin[2]'. [C:/Users/Administrator/Downloads/LANDrop/Seg-Time-Display/Seg-Time-Display.srcs/constrs_1/new/top.xdc:45]
CRITICAL WARNING: [Common 17-55] 'set_property' expects at least one object. [C:/Users/Administrator/Downloads/LANDrop/Seg-Time-Display/Seg-Time-Display.srcs/constrs_1/new/top.xdc:45]
Resolution: If [get_<value>] was used to populate the object, check to make sure this command returns at least one valid object.
WARNING: [Vivado 12-584] No ports matched 'sw_pin[3]'. [C:/Users/Administrator/Downloads/LANDrop/Seg-Time-Display/Seg-Time-Display.srcs/constrs_1/new/top.xdc:46]
CRITICAL WARNING: [Common 17-55] 'set_property' expects at least one object. [C:/Users/Administrator/Downloads/LANDrop/Seg-Time-Display/Seg-Time-Display.srcs/constrs_1/new/top.xdc:46]
Resolution: If [get_<value>] was used to populate the object, check to make sure this command returns at least one valid object.
WARNING: [Vivado 12-584] No ports matched 'sw_pin[4]'. [C:/Users/Administrator/Downloads/LANDrop/Seg-Time-Display/Seg-Time-Display.srcs/constrs_1/new/top.xdc:47]
CRITICAL WARNING: [Common 17-55] 'set_property' expects at least one object. [C:/Users/Administrator/Downloads/LANDrop/Seg-Time-Display/Seg-Time-Display.srcs/constrs_1/new/top.xdc:47]
Resolution: If [get_<value>] was used to populate the object, check to make sure this command returns at least one valid object.
WARNING: [Vivado 12-584] No ports matched 'sw_pin[5]'. [C:/Users/Administrator/Downloads/LANDrop/Seg-Time-Display/Seg-Time-Display.srcs/constrs_1/new/top.xdc:48]
CRITICAL WARNING: [Common 17-55] 'set_property' expects at least one object. [C:/Users/Administrator/Downloads/LANDrop/Seg-Time-Display/Seg-Time-Display.srcs/constrs_1/new/top.xdc:48]
Resolution: If [get_<value>] was used to populate the object, check to make sure this command returns at least one valid object.
WARNING: [Vivado 12-584] No ports matched 'sw_pin[6]'. [C:/Users/Administrator/Downloads/LANDrop/Seg-Time-Display/Seg-Time-Display.srcs/constrs_1/new/top.xdc:49]
CRITICAL WARNING: [Common 17-55] 'set_property' expects at least one object. [C:/Users/Administrator/Downloads/LANDrop/Seg-Time-Display/Seg-Time-Display.srcs/constrs_1/new/top.xdc:49]
Resolution: If [get_<value>] was used to populate the object, check to make sure this command returns at least one valid object.
WARNING: [Vivado 12-584] No ports matched 'sw_pin[7]'. [C:/Users/Administrator/Downloads/LANDrop/Seg-Time-Display/Seg-Time-Display.srcs/constrs_1/new/top.xdc:50]
CRITICAL WARNING: [Common 17-55] 'set_property' expects at least one object. [C:/Users/Administrator/Downloads/LANDrop/Seg-Time-Display/Seg-Time-Display.srcs/constrs_1/new/top.xdc:50]
Resolution: If [get_<value>] was used to populate the object, check to make sure this command returns at least one valid object.
CRITICAL WARNING: [Designutils 20-1307] Command '//////////////////////////////////Êã®Á†ÅÂºÄÂÖ≥sw8~sw15/////////////////////////////' is not supported in the xdc constraint file. [C:/Users/Administrator/Downloads/LANDrop/Seg-Time-Display/Seg-Time-Display.srcs/constrs_1/new/top.xdc:52]
WARNING: [Vivado 12-584] No ports matched 'dip_pin[0]'. [C:/Users/Administrator/Downloads/LANDrop/Seg-Time-Display/Seg-Time-Display.srcs/constrs_1/new/top.xdc:53]
CRITICAL WARNING: [Common 17-55] 'set_property' expects at least one object. [C:/Users/Administrator/Downloads/LANDrop/Seg-Time-Display/Seg-Time-Display.srcs/constrs_1/new/top.xdc:53]
Resolution: If [get_<value>] was used to populate the object, check to make sure this command returns at least one valid object.
WARNING: [Vivado 12-584] No ports matched 'dip_pin[1]'. [C:/Users/Administrator/Downloads/LANDrop/Seg-Time-Display/Seg-Time-Display.srcs/constrs_1/new/top.xdc:54]
CRITICAL WARNING: [Common 17-55] 'set_property' expects at least one object. [C:/Users/Administrator/Downloads/LANDrop/Seg-Time-Display/Seg-Time-Display.srcs/constrs_1/new/top.xdc:54]
Resolution: If [get_<value>] was used to populate the object, check to make sure this command returns at least one valid object.
WARNING: [Vivado 12-584] No ports matched 'dip_pin[2]'. [C:/Users/Administrator/Downloads/LANDrop/Seg-Time-Display/Seg-Time-Display.srcs/constrs_1/new/top.xdc:55]
CRITICAL WARNING: [Common 17-55] 'set_property' expects at least one object. [C:/Users/Administrator/Downloads/LANDrop/Seg-Time-Display/Seg-Time-Display.srcs/constrs_1/new/top.xdc:55]
Resolution: If [get_<value>] was used to populate the object, check to make sure this command returns at least one valid object.
WARNING: [Vivado 12-584] No ports matched 'dip_pin[3]'. [C:/Users/Administrator/Downloads/LANDrop/Seg-Time-Display/Seg-Time-Display.srcs/constrs_1/new/top.xdc:56]
CRITICAL WARNING: [Common 17-55] 'set_property' expects at least one object. [C:/Users/Administrator/Downloads/LANDrop/Seg-Time-Display/Seg-Time-Display.srcs/constrs_1/new/top.xdc:56]
Resolution: If [get_<value>] was used to populate the object, check to make sure this command returns at least one valid object.
WARNING: [Vivado 12-584] No ports matched 'dip_pin[4]'. [C:/Users/Administrator/Downloads/LANDrop/Seg-Time-Display/Seg-Time-Display.srcs/constrs_1/new/top.xdc:57]
CRITICAL WARNING: [Common 17-55] 'set_property' expects at least one object. [C:/Users/Administrator/Downloads/LANDrop/Seg-Time-Display/Seg-Time-Display.srcs/constrs_1/new/top.xdc:57]
Resolution: If [get_<value>] was used to populate the object, check to make sure this command returns at least one valid object.
WARNING: [Vivado 12-584] No ports matched 'dip_pin[5]'. [C:/Users/Administrator/Downloads/LANDrop/Seg-Time-Display/Seg-Time-Display.srcs/constrs_1/new/top.xdc:58]
CRITICAL WARNING: [Common 17-55] 'set_property' expects at least one object. [C:/Users/Administrator/Downloads/LANDrop/Seg-Time-Display/Seg-Time-Display.srcs/constrs_1/new/top.xdc:58]
Resolution: If [get_<value>] was used to populate the object, check to make sure this command returns at least one valid object.
WARNING: [Vivado 12-584] No ports matched 'dip_pin[6]'. [C:/Users/Administrator/Downloads/LANDrop/Seg-Time-Display/Seg-Time-Display.srcs/constrs_1/new/top.xdc:59]
CRITICAL WARNING: [Common 17-55] 'set_property' expects at least one object. [C:/Users/Administrator/Downloads/LANDrop/Seg-Time-Display/Seg-Time-Display.srcs/constrs_1/new/top.xdc:59]
Resolution: If [get_<value>] was used to populate the object, check to make sure this command returns at least one valid object.
WARNING: [Vivado 12-584] No ports matched 'dip_pin[7]'. [C:/Users/Administrator/Downloads/LANDrop/Seg-Time-Display/Seg-Time-Display.srcs/constrs_1/new/top.xdc:60]
CRITICAL WARNING: [Common 17-55] 'set_property' expects at least one object. [C:/Users/Administrator/Downloads/LANDrop/Seg-Time-Display/Seg-Time-Display.srcs/constrs_1/new/top.xdc:60]
Resolution: If [get_<value>] was used to populate the object, check to make sure this command returns at least one valid object.
CRITICAL WARNING: [Designutils 20-1307] Command '//////////////////////////////////////LED0~LED15////////////////////////////////' is not supported in the xdc constraint file. [C:/Users/Administrator/Downloads/LANDrop/Seg-Time-Display/Seg-Time-Display.srcs/constrs_1/new/top.xdc:63]
WARNING: [Vivado 12-584] No ports matched 'led_pin[0]'. [C:/Users/Administrator/Downloads/LANDrop/Seg-Time-Display/Seg-Time-Display.srcs/constrs_1/new/top.xdc:64]
CRITICAL WARNING: [Common 17-55] 'set_property' expects at least one object. [C:/Users/Administrator/Downloads/LANDrop/Seg-Time-Display/Seg-Time-Display.srcs/constrs_1/new/top.xdc:64]
Resolution: If [get_<value>] was used to populate the object, check to make sure this command returns at least one valid object.
WARNING: [Vivado 12-584] No ports matched 'led_pin[1]'. [C:/Users/Administrator/Downloads/LANDrop/Seg-Time-Display/Seg-Time-Display.srcs/constrs_1/new/top.xdc:65]
CRITICAL WARNING: [Common 17-55] 'set_property' expects at least one object. [C:/Users/Administrator/Downloads/LANDrop/Seg-Time-Display/Seg-Time-Display.srcs/constrs_1/new/top.xdc:65]
Resolution: If [get_<value>] was used to populate the object, check to make sure this command returns at least one valid object.
WARNING: [Vivado 12-584] No ports matched 'led_pin[2]'. [C:/Users/Administrator/Downloads/LANDrop/Seg-Time-Display/Seg-Time-Display.srcs/constrs_1/new/top.xdc:66]
CRITICAL WARNING: [Common 17-55] 'set_property' expects at least one object. [C:/Users/Administrator/Downloads/LANDrop/Seg-Time-Display/Seg-Time-Display.srcs/constrs_1/new/top.xdc:66]
Resolution: If [get_<value>] was used to populate the object, check to make sure this command returns at least one valid object.
WARNING: [Vivado 12-584] No ports matched 'led_pin[3]'. [C:/Users/Administrator/Downloads/LANDrop/Seg-Time-Display/Seg-Time-Display.srcs/constrs_1/new/top.xdc:67]
CRITICAL WARNING: [Common 17-55] 'set_property' expects at least one object. [C:/Users/Administrator/Downloads/LANDrop/Seg-Time-Display/Seg-Time-Display.srcs/constrs_1/new/top.xdc:67]
Resolution: If [get_<value>] was used to populate the object, check to make sure this command returns at least one valid object.
WARNING: [Vivado 12-584] No ports matched 'led_pin[4]'. [C:/Users/Administrator/Downloads/LANDrop/Seg-Time-Display/Seg-Time-Display.srcs/constrs_1/new/top.xdc:68]
CRITICAL WARNING: [Common 17-55] 'set_property' expects at least one object. [C:/Users/Administrator/Downloads/LANDrop/Seg-Time-Display/Seg-Time-Display.srcs/constrs_1/new/top.xdc:68]
Resolution: If [get_<value>] was used to populate the object, check to make sure this command returns at least one valid object.
WARNING: [Vivado 12-584] No ports matched 'led_pin[5]'. [C:/Users/Administrator/Downloads/LANDrop/Seg-Time-Display/Seg-Time-Display.srcs/constrs_1/new/top.xdc:69]
CRITICAL WARNING: [Common 17-55] 'set_property' expects at least one object. [C:/Users/Administrator/Downloads/LANDrop/Seg-Time-Display/Seg-Time-Display.srcs/constrs_1/new/top.xdc:69]
Resolution: If [get_<value>] was used to populate the object, check to make sure this command returns at least one valid object.
WARNING: [Vivado 12-584] No ports matched 'led_pin[6]'. [C:/Users/Administrator/Downloads/LANDrop/Seg-Time-Display/Seg-Time-Display.srcs/constrs_1/new/top.xdc:70]
CRITICAL WARNING: [Common 17-55] 'set_property' expects at least one object. [C:/Users/Administrator/Downloads/LANDrop/Seg-Time-Display/Seg-Time-Display.srcs/constrs_1/new/top.xdc:70]
Resolution: If [get_<value>] was used to populate the object, check to make sure this command returns at least one valid object.
WARNING: [Vivado 12-584] No ports matched 'led_pin[7]'. [C:/Users/Administrator/Downloads/LANDrop/Seg-Time-Display/Seg-Time-Display.srcs/constrs_1/new/top.xdc:71]
CRITICAL WARNING: [Common 17-55] 'set_property' expects at least one object. [C:/Users/Administrator/Downloads/LANDrop/Seg-Time-Display/Seg-Time-Display.srcs/constrs_1/new/top.xdc:71]
Resolution: If [get_<value>] was used to populate the object, check to make sure this command returns at least one valid object.
WARNING: [Vivado 12-584] No ports matched 'led_pin[8]'. [C:/Users/Administrator/Downloads/LANDrop/Seg-Time-Display/Seg-Time-Display.srcs/constrs_1/new/top.xdc:73]
CRITICAL WARNING: [Common 17-55] 'set_property' expects at least one object. [C:/Users/Administrator/Downloads/LANDrop/Seg-Time-Display/Seg-Time-Display.srcs/constrs_1/new/top.xdc:73]
Resolution: If [get_<value>] was used to populate the object, check to make sure this command returns at least one valid object.
WARNING: [Vivado 12-584] No ports matched 'led_pin[9]'. [C:/Users/Administrator/Downloads/LANDrop/Seg-Time-Display/Seg-Time-Display.srcs/constrs_1/new/top.xdc:74]
CRITICAL WARNING: [Common 17-55] 'set_property' expects at least one object. [C:/Users/Administrator/Downloads/LANDrop/Seg-Time-Display/Seg-Time-Display.srcs/constrs_1/new/top.xdc:74]
Resolution: If [get_<value>] was used to populate the object, check to make sure this command returns at least one valid object.
WARNING: [Vivado 12-584] No ports matched 'led_pin[10]'. [C:/Users/Administrator/Downloads/LANDrop/Seg-Time-Display/Seg-Time-Display.srcs/constrs_1/new/top.xdc:75]
CRITICAL WARNING: [Common 17-55] 'set_property' expects at least one object. [C:/Users/Administrator/Downloads/LANDrop/Seg-Time-Display/Seg-Time-Display.srcs/constrs_1/new/top.xdc:75]
Resolution: If [get_<value>] was used to populate the object, check to make sure this command returns at least one valid object.
WARNING: [Vivado 12-584] No ports matched 'led_pin[11]'. [C:/Users/Administrator/Downloads/LANDrop/Seg-Time-Display/Seg-Time-Display.srcs/constrs_1/new/top.xdc:76]
CRITICAL WARNING: [Common 17-55] 'set_property' expects at least one object. [C:/Users/Administrator/Downloads/LANDrop/Seg-Time-Display/Seg-Time-Display.srcs/constrs_1/new/top.xdc:76]
Resolution: If [get_<value>] was used to populate the object, check to make sure this command returns at least one valid object.
WARNING: [Vivado 12-584] No ports matched 'led_pin[12]'. [C:/Users/Administrator/Downloads/LANDrop/Seg-Time-Display/Seg-Time-Display.srcs/constrs_1/new/top.xdc:77]
CRITICAL WARNING: [Common 17-55] 'set_property' expects at least one object. [C:/Users/Administrator/Downloads/LANDrop/Seg-Time-Display/Seg-Time-Display.srcs/constrs_1/new/top.xdc:77]
Resolution: If [get_<value>] was used to populate the object, check to make sure this command returns at least one valid object.
WARNING: [Vivado 12-584] No ports matched 'led_pin[13]'. [C:/Users/Administrator/Downloads/LANDrop/Seg-Time-Display/Seg-Time-Display.srcs/constrs_1/new/top.xdc:78]
CRITICAL WARNING: [Common 17-55] 'set_property' expects at least one object. [C:/Users/Administrator/Downloads/LANDrop/Seg-Time-Display/Seg-Time-Display.srcs/constrs_1/new/top.xdc:78]
Resolution: If [get_<value>] was used to populate the object, check to make sure this command returns at least one valid object.
WARNING: [Vivado 12-584] No ports matched 'led_pin[14]'. [C:/Users/Administrator/Downloads/LANDrop/Seg-Time-Display/Seg-Time-Display.srcs/constrs_1/new/top.xdc:79]
CRITICAL WARNING: [Common 17-55] 'set_property' expects at least one object. [C:/Users/Administrator/Downloads/LANDrop/Seg-Time-Display/Seg-Time-Display.srcs/constrs_1/new/top.xdc:79]
Resolution: If [get_<value>] was used to populate the object, check to make sure this command returns at least one valid object.
WARNING: [Vivado 12-584] No ports matched 'led_pin[15]'. [C:/Users/Administrator/Downloads/LANDrop/Seg-Time-Display/Seg-Time-Display.srcs/constrs_1/new/top.xdc:80]
CRITICAL WARNING: [Common 17-55] 'set_property' expects at least one object. [C:/Users/Administrator/Downloads/LANDrop/Seg-Time-Display/Seg-Time-Display.srcs/constrs_1/new/top.xdc:80]
Resolution: If [get_<value>] was used to populate the object, check to make sure this command returns at least one valid object.
CRITICAL WARNING: [Designutils 20-1307] Command '///////////////////////////////8‰∏™Êï∞Á†ÅÁÆ°‰ΩçÈÄâ‰ø°Âè?////////////////////////////////' is not supported in the xdc constraint file. [C:/Users/Administrator/Downloads/LANDrop/Seg-Time-Display/Seg-Time-Display.srcs/constrs_1/new/top.xdc:82]
CRITICAL WARNING: [Designutils 20-1307] Command '///////////////////////////////////Êï∞Á†ÅÁÆ°ÊÆµÈÄâ‰ø°Âè?/////////////////////////////////' is not supported in the xdc constraint file. [C:/Users/Administrator/Downloads/LANDrop/Seg-Time-Display/Seg-Time-Display.srcs/constrs_1/new/top.xdc:92]
CRITICAL WARNING: [Designutils 20-1307] Command '////////////////////////////////////VGAË°åÂêåÊ≠•Âú∫ÂêåÊ≠•‰ø°Âè∑///////////////////////////////' is not supported in the xdc constraint file. [C:/Users/Administrator/Downloads/LANDrop/Seg-Time-Display/Seg-Time-Display.srcs/constrs_1/new/top.xdc:111]
WARNING: [Vivado 12-584] No ports matched 'vga_hs_pin'. [C:/Users/Administrator/Downloads/LANDrop/Seg-Time-Display/Seg-Time-Display.srcs/constrs_1/new/top.xdc:112]
CRITICAL WARNING: [Common 17-55] 'set_property' expects at least one object. [C:/Users/Administrator/Downloads/LANDrop/Seg-Time-Display/Seg-Time-Display.srcs/constrs_1/new/top.xdc:112]
Resolution: If [get_<value>] was used to populate the object, check to make sure this command returns at least one valid object.
WARNING: [Vivado 12-584] No ports matched 'vga_vs_pin'. [C:/Users/Administrator/Downloads/LANDrop/Seg-Time-Display/Seg-Time-Display.srcs/constrs_1/new/top.xdc:113]
CRITICAL WARNING: [Common 17-55] 'set_property' expects at least one object. [C:/Users/Administrator/Downloads/LANDrop/Seg-Time-Display/Seg-Time-Display.srcs/constrs_1/new/top.xdc:113]
Resolution: If [get_<value>] was used to populate the object, check to make sure this command returns at least one valid object.
CRITICAL WARNING: [Designutils 20-1307] Command '///////////////////////////////////////VGAÁ∫¢ÁªøËìù‰ø°Âè?/////////////////////////////////' is not supported in the xdc constraint file. [C:/Users/Administrator/Downloads/LANDrop/Seg-Time-Display/Seg-Time-Display.srcs/constrs_1/new/top.xdc:115]
WARNING: [Vivado 12-584] No ports matched 'vga_data_pin[0]'. [C:/Users/Administrator/Downloads/LANDrop/Seg-Time-Display/Seg-Time-Display.srcs/constrs_1/new/top.xdc:116]
CRITICAL WARNING: [Common 17-55] 'set_property' expects at least one object. [C:/Users/Administrator/Downloads/LANDrop/Seg-Time-Display/Seg-Time-Display.srcs/constrs_1/new/top.xdc:116]
Resolution: If [get_<value>] was used to populate the object, check to make sure this command returns at least one valid object.
WARNING: [Vivado 12-584] No ports matched 'vga_data_pin[1]'. [C:/Users/Administrator/Downloads/LANDrop/Seg-Time-Display/Seg-Time-Display.srcs/constrs_1/new/top.xdc:117]
CRITICAL WARNING: [Common 17-55] 'set_property' expects at least one object. [C:/Users/Administrator/Downloads/LANDrop/Seg-Time-Display/Seg-Time-Display.srcs/constrs_1/new/top.xdc:117]
Resolution: If [get_<value>] was used to populate the object, check to make sure this command returns at least one valid object.
WARNING: [Vivado 12-584] No ports matched 'vga_data_pin[2]'. [C:/Users/Administrator/Downloads/LANDrop/Seg-Time-Display/Seg-Time-Display.srcs/constrs_1/new/top.xdc:118]
CRITICAL WARNING: [Common 17-55] 'set_property' expects at least one object. [C:/Users/Administrator/Downloads/LANDrop/Seg-Time-Display/Seg-Time-Display.srcs/constrs_1/new/top.xdc:118]
Resolution: If [get_<value>] was used to populate the object, check to make sure this command returns at least one valid object.
WARNING: [Vivado 12-584] No ports matched 'vga_data_pin[3]'. [C:/Users/Administrator/Downloads/LANDrop/Seg-Time-Display/Seg-Time-Display.srcs/constrs_1/new/top.xdc:119]
CRITICAL WARNING: [Common 17-55] 'set_property' expects at least one object. [C:/Users/Administrator/Downloads/LANDrop/Seg-Time-Display/Seg-Time-Display.srcs/constrs_1/new/top.xdc:119]
Resolution: If [get_<value>] was used to populate the object, check to make sure this command returns at least one valid object.
WARNING: [Vivado 12-584] No ports matched 'vga_data_pin[4]'. [C:/Users/Administrator/Downloads/LANDrop/Seg-Time-Display/Seg-Time-Display.srcs/constrs_1/new/top.xdc:120]
CRITICAL WARNING: [Common 17-55] 'set_property' expects at least one object. [C:/Users/Administrator/Downloads/LANDrop/Seg-Time-Display/Seg-Time-Display.srcs/constrs_1/new/top.xdc:120]
Resolution: If [get_<value>] was used to populate the object, check to make sure this command returns at least one valid object.
WARNING: [Vivado 12-584] No ports matched 'vga_data_pin[5]'. [C:/Users/Administrator/Downloads/LANDrop/Seg-Time-Display/Seg-Time-Display.srcs/constrs_1/new/top.xdc:121]
CRITICAL WARNING: [Common 17-55] 'set_property' expects at least one object. [C:/Users/Administrator/Downloads/LANDrop/Seg-Time-Display/Seg-Time-Display.srcs/constrs_1/new/top.xdc:121]
Resolution: If [get_<value>] was used to populate the object, check to make sure this command returns at least one valid object.
WARNING: [Vivado 12-584] No ports matched 'vga_data_pin[6]'. [C:/Users/Administrator/Downloads/LANDrop/Seg-Time-Display/Seg-Time-Display.srcs/constrs_1/new/top.xdc:122]
CRITICAL WARNING: [Common 17-55] 'set_property' expects at least one object. [C:/Users/Administrator/Downloads/LANDrop/Seg-Time-Display/Seg-Time-Display.srcs/constrs_1/new/top.xdc:122]
Resolution: If [get_<value>] was used to populate the object, check to make sure this command returns at least one valid object.
WARNING: [Vivado 12-584] No ports matched 'vga_data_pin[7]'. [C:/Users/Administrator/Downloads/LANDrop/Seg-Time-Display/Seg-Time-Display.srcs/constrs_1/new/top.xdc:123]
CRITICAL WARNING: [Common 17-55] 'set_property' expects at least one object. [C:/Users/Administrator/Downloads/LANDrop/Seg-Time-Display/Seg-Time-Display.srcs/constrs_1/new/top.xdc:123]
Resolution: If [get_<value>] was used to populate the object, check to make sure this command returns at least one valid object.
WARNING: [Vivado 12-584] No ports matched 'vga_data_pin[8]'. [C:/Users/Administrator/Downloads/LANDrop/Seg-Time-Display/Seg-Time-Display.srcs/constrs_1/new/top.xdc:124]
CRITICAL WARNING: [Common 17-55] 'set_property' expects at least one object. [C:/Users/Administrator/Downloads/LANDrop/Seg-Time-Display/Seg-Time-Display.srcs/constrs_1/new/top.xdc:124]
Resolution: If [get_<value>] was used to populate the object, check to make sure this command returns at least one valid object.
WARNING: [Vivado 12-584] No ports matched 'vga_data_pin[9]'. [C:/Users/Administrator/Downloads/LANDrop/Seg-Time-Display/Seg-Time-Display.srcs/constrs_1/new/top.xdc:125]
CRITICAL WARNING: [Common 17-55] 'set_property' expects at least one object. [C:/Users/Administrator/Downloads/LANDrop/Seg-Time-Display/Seg-Time-Display.srcs/constrs_1/new/top.xdc:125]
Resolution: If [get_<value>] was used to populate the object, check to make sure this command returns at least one valid object.
WARNING: [Vivado 12-584] No ports matched 'vga_data_pin[10]'. [C:/Users/Administrator/Downloads/LANDrop/Seg-Time-Display/Seg-Time-Display.srcs/constrs_1/new/top.xdc:126]
CRITICAL WARNING: [Common 17-55] 'set_property' expects at least one object. [C:/Users/Administrator/Downloads/LANDrop/Seg-Time-Display/Seg-Time-Display.srcs/constrs_1/new/top.xdc:126]
Resolution: If [get_<value>] was used to populate the object, check to make sure this command returns at least one valid object.
WARNING: [Vivado 12-584] No ports matched 'vga_data_pin[11]'. [C:/Users/Administrator/Downloads/LANDrop/Seg-Time-Display/Seg-Time-Display.srcs/constrs_1/new/top.xdc:127]
CRITICAL WARNING: [Common 17-55] 'set_property' expects at least one object. [C:/Users/Administrator/Downloads/LANDrop/Seg-Time-Display/Seg-Time-Display.srcs/constrs_1/new/top.xdc:127]
Resolution: If [get_<value>] was used to populate the object, check to make sure this command returns at least one valid object.
CRITICAL WARNING: [Designutils 20-1307] Command '/////////////////////////////////////////DACÊï∞Ê®°ËΩ¨Êç¢//////////////////////////////////' is not supported in the xdc constraint file. [C:/Users/Administrator/Downloads/LANDrop/Seg-Time-Display/Seg-Time-Display.srcs/constrs_1/new/top.xdc:129]
WARNING: [Vivado 12-584] No ports matched 'dac_ile'. [C:/Users/Administrator/Downloads/LANDrop/Seg-Time-Display/Seg-Time-Display.srcs/constrs_1/new/top.xdc:130]
CRITICAL WARNING: [Common 17-55] 'set_property' expects at least one object. [C:/Users/Administrator/Downloads/LANDrop/Seg-Time-Display/Seg-Time-Display.srcs/constrs_1/new/top.xdc:130]
Resolution: If [get_<value>] was used to populate the object, check to make sure this command returns at least one valid object.
WARNING: [Vivado 12-584] No ports matched 'dac_cs_n'. [C:/Users/Administrator/Downloads/LANDrop/Seg-Time-Display/Seg-Time-Display.srcs/constrs_1/new/top.xdc:131]
CRITICAL WARNING: [Common 17-55] 'set_property' expects at least one object. [C:/Users/Administrator/Downloads/LANDrop/Seg-Time-Display/Seg-Time-Display.srcs/constrs_1/new/top.xdc:131]
Resolution: If [get_<value>] was used to populate the object, check to make sure this command returns at least one valid object.
WARNING: [Vivado 12-584] No ports matched 'dac_wr1_n'. [C:/Users/Administrator/Downloads/LANDrop/Seg-Time-Display/Seg-Time-Display.srcs/constrs_1/new/top.xdc:132]
CRITICAL WARNING: [Common 17-55] 'set_property' expects at least one object. [C:/Users/Administrator/Downloads/LANDrop/Seg-Time-Display/Seg-Time-Display.srcs/constrs_1/new/top.xdc:132]
Resolution: If [get_<value>] was used to populate the object, check to make sure this command returns at least one valid object.
WARNING: [Vivado 12-584] No ports matched 'dac_wr2_n'. [C:/Users/Administrator/Downloads/LANDrop/Seg-Time-Display/Seg-Time-Display.srcs/constrs_1/new/top.xdc:133]
CRITICAL WARNING: [Common 17-55] 'set_property' expects at least one object. [C:/Users/Administrator/Downloads/LANDrop/Seg-Time-Display/Seg-Time-Display.srcs/constrs_1/new/top.xdc:133]
Resolution: If [get_<value>] was used to populate the object, check to make sure this command returns at least one valid object.
WARNING: [Vivado 12-584] No ports matched 'dac_xfer_n'. [C:/Users/Administrator/Downloads/LANDrop/Seg-Time-Display/Seg-Time-Display.srcs/constrs_1/new/top.xdc:134]
CRITICAL WARNING: [Common 17-55] 'set_property' expects at least one object. [C:/Users/Administrator/Downloads/LANDrop/Seg-Time-Display/Seg-Time-Display.srcs/constrs_1/new/top.xdc:134]
Resolution: If [get_<value>] was used to populate the object, check to make sure this command returns at least one valid object.
WARNING: [Vivado 12-584] No ports matched 'dac_data[0]'. [C:/Users/Administrator/Downloads/LANDrop/Seg-Time-Display/Seg-Time-Display.srcs/constrs_1/new/top.xdc:136]
CRITICAL WARNING: [Common 17-55] 'set_property' expects at least one object. [C:/Users/Administrator/Downloads/LANDrop/Seg-Time-Display/Seg-Time-Display.srcs/constrs_1/new/top.xdc:136]
Resolution: If [get_<value>] was used to populate the object, check to make sure this command returns at least one valid object.
WARNING: [Vivado 12-584] No ports matched 'dac_data[1]'. [C:/Users/Administrator/Downloads/LANDrop/Seg-Time-Display/Seg-Time-Display.srcs/constrs_1/new/top.xdc:137]
CRITICAL WARNING: [Common 17-55] 'set_property' expects at least one object. [C:/Users/Administrator/Downloads/LANDrop/Seg-Time-Display/Seg-Time-Display.srcs/constrs_1/new/top.xdc:137]
Resolution: If [get_<value>] was used to populate the object, check to make sure this command returns at least one valid object.
WARNING: [Vivado 12-584] No ports matched 'dac_data[2]'. [C:/Users/Administrator/Downloads/LANDrop/Seg-Time-Display/Seg-Time-Display.srcs/constrs_1/new/top.xdc:138]
CRITICAL WARNING: [Common 17-55] 'set_property' expects at least one object. [C:/Users/Administrator/Downloads/LANDrop/Seg-Time-Display/Seg-Time-Display.srcs/constrs_1/new/top.xdc:138]
Resolution: If [get_<value>] was used to populate the object, check to make sure this command returns at least one valid object.
WARNING: [Vivado 12-584] No ports matched 'dac_data[3]'. [C:/Users/Administrator/Downloads/LANDrop/Seg-Time-Display/Seg-Time-Display.srcs/constrs_1/new/top.xdc:139]
CRITICAL WARNING: [Common 17-55] 'set_property' expects at least one object. [C:/Users/Administrator/Downloads/LANDrop/Seg-Time-Display/Seg-Time-Display.srcs/constrs_1/new/top.xdc:139]
Resolution: If [get_<value>] was used to populate the object, check to make sure this command returns at least one valid object.
WARNING: [Vivado 12-584] No ports matched 'dac_data[4]'. [C:/Users/Administrator/Downloads/LANDrop/Seg-Time-Display/Seg-Time-Display.srcs/constrs_1/new/top.xdc:140]
CRITICAL WARNING: [Common 17-55] 'set_property' expects at least one object. [C:/Users/Administrator/Downloads/LANDrop/Seg-Time-Display/Seg-Time-Display.srcs/constrs_1/new/top.xdc:140]
Resolution: If [get_<value>] was used to populate the object, check to make sure this command returns at least one valid object.
WARNING: [Vivado 12-584] No ports matched 'dac_data[5]'. [C:/Users/Administrator/Downloads/LANDrop/Seg-Time-Display/Seg-Time-Display.srcs/constrs_1/new/top.xdc:141]
CRITICAL WARNING: [Common 17-55] 'set_property' expects at least one object. [C:/Users/Administrator/Downloads/LANDrop/Seg-Time-Display/Seg-Time-Display.srcs/constrs_1/new/top.xdc:141]
Resolution: If [get_<value>] was used to populate the object, check to make sure this command returns at least one valid object.
WARNING: [Vivado 12-584] No ports matched 'dac_data[6]'. [C:/Users/Administrator/Downloads/LANDrop/Seg-Time-Display/Seg-Time-Display.srcs/constrs_1/new/top.xdc:142]
CRITICAL WARNING: [Common 17-55] 'set_property' expects at least one object. [C:/Users/Administrator/Downloads/LANDrop/Seg-Time-Display/Seg-Time-Display.srcs/constrs_1/new/top.xdc:142]
Resolution: If [get_<value>] was used to populate the object, check to make sure this command returns at least one valid object.
WARNING: [Vivado 12-584] No ports matched 'dac_data[7]'. [C:/Users/Administrator/Downloads/LANDrop/Seg-Time-Display/Seg-Time-Display.srcs/constrs_1/new/top.xdc:143]
CRITICAL WARNING: [Common 17-55] 'set_property' expects at least one object. [C:/Users/Administrator/Downloads/LANDrop/Seg-Time-Display/Seg-Time-Display.srcs/constrs_1/new/top.xdc:143]
Resolution: If [get_<value>] was used to populate the object, check to make sure this command returns at least one valid object.
CRITICAL WARNING: [Designutils 20-1307] Command '////////////////////////////////////////PS2/////////////////////////////////////' is not supported in the xdc constraint file. [C:/Users/Administrator/Downloads/LANDrop/Seg-Time-Display/Seg-Time-Display.srcs/constrs_1/new/top.xdc:145]
WARNING: [Vivado 12-584] No ports matched 'ps2_clk'. [C:/Users/Administrator/Downloads/LANDrop/Seg-Time-Display/Seg-Time-Display.srcs/constrs_1/new/top.xdc:146]
CRITICAL WARNING: [Common 17-55] 'set_property' expects at least one object. [C:/Users/Administrator/Downloads/LANDrop/Seg-Time-Display/Seg-Time-Display.srcs/constrs_1/new/top.xdc:146]
Resolution: If [get_<value>] was used to populate the object, check to make sure this command returns at least one valid object.
WARNING: [Vivado 12-584] No ports matched 'ps2_data'. [C:/Users/Administrator/Downloads/LANDrop/Seg-Time-Display/Seg-Time-Display.srcs/constrs_1/new/top.xdc:147]
CRITICAL WARNING: [Common 17-55] 'set_property' expects at least one object. [C:/Users/Administrator/Downloads/LANDrop/Seg-Time-Display/Seg-Time-Display.srcs/constrs_1/new/top.xdc:147]
Resolution: If [get_<value>] was used to populate the object, check to make sure this command returns at least one valid object.
CRITICAL WARNING: [Designutils 20-1307] Command '/////////////////////////////////////////SDRAM//////////////////////////////////////' is not supported in the xdc constraint file. [C:/Users/Administrator/Downloads/LANDrop/Seg-Time-Display/Seg-Time-Display.srcs/constrs_1/new/top.xdc:150]
WARNING: [Vivado 12-584] No ports matched 'sram_addr[18]'. [C:/Users/Administrator/Downloads/LANDrop/Seg-Time-Display/Seg-Time-Display.srcs/constrs_1/new/top.xdc:151]
CRITICAL WARNING: [Common 17-55] 'set_property' expects at least one object. [C:/Users/Administrator/Downloads/LANDrop/Seg-Time-Display/Seg-Time-Display.srcs/constrs_1/new/top.xdc:151]
Resolution: If [get_<value>] was used to populate the object, check to make sure this command returns at least one valid object.
WARNING: [Vivado 12-584] No ports matched 'sram_addr[17]'. [C:/Users/Administrator/Downloads/LANDrop/Seg-Time-Display/Seg-Time-Display.srcs/constrs_1/new/top.xdc:152]
CRITICAL WARNING: [Common 17-55] 'set_property' expects at least one object. [C:/Users/Administrator/Downloads/LANDrop/Seg-Time-Display/Seg-Time-Display.srcs/constrs_1/new/top.xdc:152]
Resolution: If [get_<value>] was used to populate the object, check to make sure this command returns at least one valid object.
WARNING: [Vivado 12-584] No ports matched 'sram_addr[16]'. [C:/Users/Administrator/Downloads/LANDrop/Seg-Time-Display/Seg-Time-Display.srcs/constrs_1/new/top.xdc:153]
CRITICAL WARNING: [Common 17-55] 'set_property' expects at least one object. [C:/Users/Administrator/Downloads/LANDrop/Seg-Time-Display/Seg-Time-Display.srcs/constrs_1/new/top.xdc:153]
Resolution: If [get_<value>] was used to populate the object, check to make sure this command returns at least one valid object.
WARNING: [Vivado 12-584] No ports matched 'sram_addr[15]'. [C:/Users/Administrator/Downloads/LANDrop/Seg-Time-Display/Seg-Time-Display.srcs/constrs_1/new/top.xdc:154]
CRITICAL WARNING: [Common 17-55] 'set_property' expects at least one object. [C:/Users/Administrator/Downloads/LANDrop/Seg-Time-Display/Seg-Time-Display.srcs/constrs_1/new/top.xdc:154]
Resolution: If [get_<value>] was used to populate the object, check to make sure this command returns at least one valid object.
WARNING: [Vivado 12-584] No ports matched 'sram_addr[14]'. [C:/Users/Administrator/Downloads/LANDrop/Seg-Time-Display/Seg-Time-Display.srcs/constrs_1/new/top.xdc:155]
CRITICAL WARNING: [Common 17-55] 'set_property' expects at least one object. [C:/Users/Administrator/Downloads/LANDrop/Seg-Time-Display/Seg-Time-Display.srcs/constrs_1/new/top.xdc:155]
Resolution: If [get_<value>] was used to populate the object, check to make sure this command returns at least one valid object.
WARNING: [Vivado 12-584] No ports matched 'sram_addr[13]'. [C:/Users/Administrator/Downloads/LANDrop/Seg-Time-Display/Seg-Time-Display.srcs/constrs_1/new/top.xdc:156]
CRITICAL WARNING: [Common 17-55] 'set_property' expects at least one object. [C:/Users/Administrator/Downloads/LANDrop/Seg-Time-Display/Seg-Time-Display.srcs/constrs_1/new/top.xdc:156]
Resolution: If [get_<value>] was used to populate the object, check to make sure this command returns at least one valid object.
WARNING: [Vivado 12-584] No ports matched 'sram_addr[12]'. [C:/Users/Administrator/Downloads/LANDrop/Seg-Time-Display/Seg-Time-Display.srcs/constrs_1/new/top.xdc:157]
CRITICAL WARNING: [Common 17-55] 'set_property' expects at least one object. [C:/Users/Administrator/Downloads/LANDrop/Seg-Time-Display/Seg-Time-Display.srcs/constrs_1/new/top.xdc:157]
Resolution: If [get_<value>] was used to populate the object, check to make sure this command returns at least one valid object.
WARNING: [Vivado 12-584] No ports matched 'sram_addr[11]'. [C:/Users/Administrator/Downloads/LANDrop/Seg-Time-Display/Seg-Time-Display.srcs/constrs_1/new/top.xdc:158]
CRITICAL WARNING: [Common 17-55] 'set_property' expects at least one object. [C:/Users/Administrator/Downloads/LANDrop/Seg-Time-Display/Seg-Time-Display.srcs/constrs_1/new/top.xdc:158]
Resolution: If [get_<value>] was used to populate the object, check to make sure this command returns at least one valid object.
WARNING: [Vivado 12-584] No ports matched 'sram_addr[10]'. [C:/Users/Administrator/Downloads/LANDrop/Seg-Time-Display/Seg-Time-Display.srcs/constrs_1/new/top.xdc:159]
CRITICAL WARNING: [Common 17-55] 'set_property' expects at least one object. [C:/Users/Administrator/Downloads/LANDrop/Seg-Time-Display/Seg-Time-Display.srcs/constrs_1/new/top.xdc:159]
Resolution: If [get_<value>] was used to populate the object, check to make sure this command returns at least one valid object.
WARNING: [Vivado 12-584] No ports matched 'sram_addr[9]'. [C:/Users/Administrator/Downloads/LANDrop/Seg-Time-Display/Seg-Time-Display.srcs/constrs_1/new/top.xdc:160]
CRITICAL WARNING: [Common 17-55] 'set_property' expects at least one object. [C:/Users/Administrator/Downloads/LANDrop/Seg-Time-Display/Seg-Time-Display.srcs/constrs_1/new/top.xdc:160]
Resolution: If [get_<value>] was used to populate the object, check to make sure this command returns at least one valid object.
WARNING: [Vivado 12-584] No ports matched 'sram_addr[8]'. [C:/Users/Administrator/Downloads/LANDrop/Seg-Time-Display/Seg-Time-Display.srcs/constrs_1/new/top.xdc:161]
CRITICAL WARNING: [Common 17-55] 'set_property' expects at least one object. [C:/Users/Administrator/Downloads/LANDrop/Seg-Time-Display/Seg-Time-Display.srcs/constrs_1/new/top.xdc:161]
Resolution: If [get_<value>] was used to populate the object, check to make sure this command returns at least one valid object.
WARNING: [Vivado 12-584] No ports matched 'sram_addr[7]'. [C:/Users/Administrator/Downloads/LANDrop/Seg-Time-Display/Seg-Time-Display.srcs/constrs_1/new/top.xdc:162]
CRITICAL WARNING: [Common 17-55] 'set_property' expects at least one object. [C:/Users/Administrator/Downloads/LANDrop/Seg-Time-Display/Seg-Time-Display.srcs/constrs_1/new/top.xdc:162]
Resolution: If [get_<value>] was used to populate the object, check to make sure this command returns at least one valid object.
WARNING: [Vivado 12-584] No ports matched 'sram_addr[6]'. [C:/Users/Administrator/Downloads/LANDrop/Seg-Time-Display/Seg-Time-Display.srcs/constrs_1/new/top.xdc:163]
CRITICAL WARNING: [Common 17-55] 'set_property' expects at least one object. [C:/Users/Administrator/Downloads/LANDrop/Seg-Time-Display/Seg-Time-Display.srcs/constrs_1/new/top.xdc:163]
Resolution: If [get_<value>] was used to populate the object, check to make sure this command returns at least one valid object.
WARNING: [Vivado 12-584] No ports matched 'sram_addr[5]'. [C:/Users/Administrator/Downloads/LANDrop/Seg-Time-Display/Seg-Time-Display.srcs/constrs_1/new/top.xdc:164]
CRITICAL WARNING: [Common 17-55] 'set_property' expects at least one object. [C:/Users/Administrator/Downloads/LANDrop/Seg-Time-Display/Seg-Time-Display.srcs/constrs_1/new/top.xdc:164]
Resolution: If [get_<value>] was used to populate the object, check to make sure this command returns at least one valid object.
WARNING: [Vivado 12-584] No ports matched 'sram_addr[4]'. [C:/Users/Administrator/Downloads/LANDrop/Seg-Time-Display/Seg-Time-Display.srcs/constrs_1/new/top.xdc:165]
CRITICAL WARNING: [Common 17-55] 'set_property' expects at least one object. [C:/Users/Administrator/Downloads/LANDrop/Seg-Time-Display/Seg-Time-Display.srcs/constrs_1/new/top.xdc:165]
Resolution: If [get_<value>] was used to populate the object, check to make sure this command returns at least one valid object.
WARNING: [Vivado 12-584] No ports matched 'sram_addr[3]'. [C:/Users/Administrator/Downloads/LANDrop/Seg-Time-Display/Seg-Time-Display.srcs/constrs_1/new/top.xdc:166]
INFO: [Common 17-14] Message 'Vivado 12-584' appears 100 times and further instances of the messages will be disabled. Use the Tcl command set_msg_config to change the current settings. [C:/Users/Administrator/Downloads/LANDrop/Seg-Time-Display/Seg-Time-Display.srcs/constrs_1/new/top.xdc:166]
CRITICAL WARNING: [Common 17-55] 'set_property' expects at least one object. [C:/Users/Administrator/Downloads/LANDrop/Seg-Time-Display/Seg-Time-Display.srcs/constrs_1/new/top.xdc:166]
Resolution: If [get_<value>] was used to populate the object, check to make sure this command returns at least one valid object.
CRITICAL WARNING: [Designutils 20-1307] Command '//////////////////////////////////32‰∏™pmodÊé•Âè£//////////////////////////////////////' is not supported in the xdc constraint file. [C:/Users/Administrator/Downloads/LANDrop/Seg-Time-Display/Seg-Time-Display.srcs/constrs_1/new/top.xdc:194]
Finished Parsing XDC File [C:/Users/Administrator/Downloads/LANDrop/Seg-Time-Display/Seg-Time-Display.srcs/constrs_1/new/top.xdc]
INFO: [Project 1-236] Implementation specific constraints were found while reading constraint file [C:/Users/Administrator/Downloads/LANDrop/Seg-Time-Display/Seg-Time-Display.srcs/constrs_1/new/top.xdc]. These constraints will be ignored for synthesis but will be used in implementation. Impacted constraints are listed in the file [.Xil/time_display_propImpl.xdc].
Resolution: To avoid this warning, move constraints listed in [.Xil/time_display_propImpl.xdc] to another XDC file and exclude this new file from synthesis with the used_in_synthesis property (File Properties dialog in GUI) and re-run elaboration/synthesis.
Netlist sorting complete. Time (s): cpu = 00:00:00 ; elapsed = 00:00:00 . Memory (MB): peak = 745.066 ; gain = 0.000
Completed Processing XDC Constraints

Netlist sorting complete. Time (s): cpu = 00:00:00 ; elapsed = 00:00:00 . Memory (MB): peak = 745.066 ; gain = 0.000
INFO: [Project 1-111] Unisim Transformation Summary:
No Unisim elements were transformed.

Netlist sorting complete. Time (s): cpu = 00:00:00 ; elapsed = 00:00:00 . Memory (MB): peak = 745.066 ; gain = 0.000
Constraint Validation Runtime : Time (s): cpu = 00:00:00 ; elapsed = 00:00:00.001 . Memory (MB): peak = 745.066 ; gain = 0.000
---------------------------------------------------------------------------------
Finished Constraint Validation : Time (s): cpu = 00:00:08 ; elapsed = 00:00:08 . Memory (MB): peak = 745.066 ; gain = 482.562
---------------------------------------------------------------------------------
---------------------------------------------------------------------------------
Start Loading Part and Timing Information
---------------------------------------------------------------------------------
Loading part: xc7a35tcsg324-1
---------------------------------------------------------------------------------
Finished Loading Part and Timing Information : Time (s): cpu = 00:00:08 ; elapsed = 00:00:08 . Memory (MB): peak = 745.066 ; gain = 482.562
---------------------------------------------------------------------------------
---------------------------------------------------------------------------------
Start Applying 'set_property' XDC Constraints
---------------------------------------------------------------------------------
---------------------------------------------------------------------------------
Finished applying 'set_property' XDC Constraints : Time (s): cpu = 00:00:08 ; elapsed = 00:00:08 . Memory (MB): peak = 745.066 ; gain = 482.562
---------------------------------------------------------------------------------
INFO: [Synth 8-5545] ROM "bcd_array_pos0" won't be mapped to RAM because address size (32) is larger than maximum supported(25)
INFO: [Synth 8-5545] ROM "minute" won't be mapped to RAM because address size (32) is larger than maximum supported(25)
INFO: [Synth 8-5544] ROM "seg_code" won't be mapped to Block RAM because address size (4) smaller than threshold (5)
INFO: [Synth 8-5544] ROM "seg_code" won't be mapped to Block RAM because address size (4) smaller than threshold (5)
INFO: [Synth 8-5544] ROM "seg_code" won't be mapped to Block RAM because address size (4) smaller than threshold (5)
INFO: [Synth 8-5544] ROM "seg_code" won't be mapped to Block RAM because address size (4) smaller than threshold (5)
INFO: [Synth 8-5544] ROM "seg_code" won't be mapped to Block RAM because address size (4) smaller than threshold (5)
INFO: [Synth 8-5544] ROM "seg_code" won't be mapped to Block RAM because address size (4) smaller than threshold (5)
---------------------------------------------------------------------------------
Finished RTL Optimization Phase 2 : Time (s): cpu = 00:00:08 ; elapsed = 00:00:09 . Memory (MB): peak = 745.066 ; gain = 482.562
---------------------------------------------------------------------------------

Report RTL Partitions: 
+-+--------------+------------+----------+
| |RTL Partition |Replication |Instances |
+-+--------------+------------+----------+
+-+--------------+------------+----------+
---------------------------------------------------------------------------------
Start RTL Component Statistics 
---------------------------------------------------------------------------------
Detailed RTL Component Info : 
+---Adders : 
	   2 Input     32 Bit       Adders := 4     
	   2 Input      6 Bit       Adders := 1     
+---Registers : 
	               32 Bit    Registers := 3     
	                8 Bit    Registers := 10    
	                1 Bit    Registers := 2     
+---Muxes : 
	   2 Input     32 Bit        Muxes := 2     
	   2 Input      8 Bit        Muxes := 3     
	  11 Input      8 Bit        Muxes := 6     
	   2 Input      2 Bit        Muxes := 1     
---------------------------------------------------------------------------------
Finished RTL Component Statistics 
---------------------------------------------------------------------------------
---------------------------------------------------------------------------------
Start RTL Hierarchical Component Statistics 
---------------------------------------------------------------------------------
Hierarchical RTL Component report 
Module time_display 
Detailed RTL Component Info : 
+---Adders : 
	   2 Input     32 Bit       Adders := 3     
+---Registers : 
	               32 Bit    Registers := 2     
	                8 Bit    Registers := 8     
+---Muxes : 
	   2 Input     32 Bit        Muxes := 1     
	  11 Input      8 Bit        Muxes := 6     
	   2 Input      2 Bit        Muxes := 1     
Module frequency_division 
Detailed RTL Component Info : 
+---Registers : 
	                1 Bit    Registers := 1     
Module frequency_division__parameterized0 
Detailed RTL Component Info : 
+---Registers : 
	                1 Bit    Registers := 1     
Module seg_single_display 
Detailed RTL Component Info : 
+---Muxes : 
	   2 Input      8 Bit        Muxes := 2     
Module multi_segs_controller 
Detailed RTL Component Info : 
+---Adders : 
	   2 Input     32 Bit       Adders := 1     
	   2 Input      6 Bit       Adders := 1     
+---Registers : 
	               32 Bit    Registers := 1     
	                8 Bit    Registers := 2     
+---Muxes : 
	   2 Input     32 Bit        Muxes := 1     
	   2 Input      8 Bit        Muxes := 1     
---------------------------------------------------------------------------------
Finished RTL Hierarchical Component Statistics
---------------------------------------------------------------------------------
---------------------------------------------------------------------------------
Start Part Resource Summary
---------------------------------------------------------------------------------
Part Resources:
DSPs: 90 (col length:60)
BRAMs: 100 (col length: RAMB18 60 RAMB36 30)
---------------------------------------------------------------------------------
Finished Part Resource Summary
---------------------------------------------------------------------------------
---------------------------------------------------------------------------------
Start Cross Boundary and Area Optimization
---------------------------------------------------------------------------------
Warning: Parallel synthesis criteria is not met 
INFO: [Synth 8-4471] merging register 'bcd_coder_reg[47:40]' into 'bcd_coder_reg[23:16]' [C:/Users/Administrator/Downloads/LANDrop/Seg-Time-Display/Seg-Time-Display.srcs/sources_1/new/time_display.v:72]
INFO: [Synth 8-5545] ROM "display_time/bcd_array_pos0" won't be mapped to RAM because address size (32) is larger than maximum supported(25)
INFO: [Synth 8-5545] ROM "minute" won't be mapped to RAM because address size (32) is larger than maximum supported(25)
INFO: [Synth 8-5545] ROM "p_0_out" won't be mapped to RAM because address size (32) is larger than maximum supported(25)
WARNING: [Synth 8-3331] design time_display has unconnected port sys_rst_n
INFO: [Synth 8-3886] merging instance 'bcd_coder_reg[63]' (FD) to 'bcd_coder_reg[55]'
INFO: [Synth 8-3886] merging instance 'bcd_coder_reg[55]' (FD) to 'bcd_coder_reg[39]'
INFO: [Synth 8-3886] merging instance 'bcd_coder_reg[39]' (FD) to 'bcd_coder_reg[31]'
INFO: [Synth 8-3886] merging instance 'bcd_coder_reg[31]' (FD) to 'bcd_coder_reg[15]'
INFO: [Synth 8-3886] merging instance 'bcd_coder_reg[21]' (FDR) to 'bcd_coder_reg[20]'
INFO: [Synth 8-3886] merging instance 'bcd_coder_reg[20]' (FDR) to 'bcd_coder_reg[19]'
INFO: [Synth 8-3886] merging instance 'bcd_coder_reg[19]' (FDR) to 'bcd_coder_reg[18]'
INFO: [Synth 8-3886] merging instance 'bcd_coder_reg[18]' (FDR) to 'bcd_coder_reg[17]'
INFO: [Synth 8-3886] merging instance 'bcd_coder_reg[17]' (FDR) to 'bcd_coder_reg[16]'
INFO: [Synth 8-3333] propagating constant 0 across sequential element (\bcd_coder_reg[16] )
INFO: [Synth 8-3886] merging instance 'bcd_coder_reg[15]' (FD) to 'bcd_coder_reg[7]'
INFO: [Synth 8-3333] propagating constant 0 across sequential element (\bcd_coder_reg[7] )
---------------------------------------------------------------------------------
Finished Cross Boundary and Area Optimization : Time (s): cpu = 00:00:12 ; elapsed = 00:00:12 . Memory (MB): peak = 745.066 ; gain = 482.562
---------------------------------------------------------------------------------

Report RTL Partitions: 
+-+--------------+------------+----------+
| |RTL Partition |Replication |Instances |
+-+--------------+------------+----------+
+-+--------------+------------+----------+
---------------------------------------------------------------------------------
Start Applying XDC Timing Constraints
---------------------------------------------------------------------------------
---------------------------------------------------------------------------------
Finished Applying XDC Timing Constraints : Time (s): cpu = 00:00:17 ; elapsed = 00:00:18 . Memory (MB): peak = 745.066 ; gain = 482.562
---------------------------------------------------------------------------------
---------------------------------------------------------------------------------
Start Timing Optimization
---------------------------------------------------------------------------------
---------------------------------------------------------------------------------
Finished Timing Optimization : Time (s): cpu = 00:00:17 ; elapsed = 00:00:18 . Memory (MB): peak = 745.066 ; gain = 482.562
---------------------------------------------------------------------------------

Report RTL Partitions: 
+-+--------------+------------+----------+
| |RTL Partition |Replication |Instances |
+-+--------------+------------+----------+
+-+--------------+------------+----------+
---------------------------------------------------------------------------------
Start Technology Mapping
---------------------------------------------------------------------------------
---------------------------------------------------------------------------------
Finished Technology Mapping : Time (s): cpu = 00:00:18 ; elapsed = 00:00:18 . Memory (MB): peak = 788.043 ; gain = 525.539
---------------------------------------------------------------------------------

Report RTL Partitions: 
+-+--------------+------------+----------+
| |RTL Partition |Replication |Instances |
+-+--------------+------------+----------+
+-+--------------+------------+----------+
---------------------------------------------------------------------------------
Start IO Insertion
---------------------------------------------------------------------------------
---------------------------------------------------------------------------------
Start Flattening Before IO Insertion
---------------------------------------------------------------------------------
---------------------------------------------------------------------------------
Finished Flattening Before IO Insertion
---------------------------------------------------------------------------------
---------------------------------------------------------------------------------
Start Final Netlist Cleanup
---------------------------------------------------------------------------------
---------------------------------------------------------------------------------
Finished Final Netlist Cleanup
---------------------------------------------------------------------------------
---------------------------------------------------------------------------------
Finished IO Insertion : Time (s): cpu = 00:00:18 ; elapsed = 00:00:19 . Memory (MB): peak = 788.043 ; gain = 525.539
---------------------------------------------------------------------------------

Report Check Netlist: 
+------+------------------+-------+---------+-------+------------------+
|      |Item              |Errors |Warnings |Status |Description       |
+------+------------------+-------+---------+-------+------------------+
|1     |multi_driven_nets |      0|        0|Passed |Multi driven nets |
+------+------------------+-------+---------+-------+------------------+
---------------------------------------------------------------------------------
Start Renaming Generated Instances
---------------------------------------------------------------------------------
---------------------------------------------------------------------------------
Finished Renaming Generated Instances : Time (s): cpu = 00:00:18 ; elapsed = 00:00:19 . Memory (MB): peak = 788.043 ; gain = 525.539
---------------------------------------------------------------------------------

Report RTL Partitions: 
+-+--------------+------------+----------+
| |RTL Partition |Replication |Instances |
+-+--------------+------------+----------+
+-+--------------+------------+----------+
---------------------------------------------------------------------------------
Start Rebuilding User Hierarchy
---------------------------------------------------------------------------------
---------------------------------------------------------------------------------
Finished Rebuilding User Hierarchy : Time (s): cpu = 00:00:18 ; elapsed = 00:00:19 . Memory (MB): peak = 788.043 ; gain = 525.539
---------------------------------------------------------------------------------
---------------------------------------------------------------------------------
Start Renaming Generated Ports
---------------------------------------------------------------------------------
---------------------------------------------------------------------------------
Finished Renaming Generated Ports : Time (s): cpu = 00:00:18 ; elapsed = 00:00:19 . Memory (MB): peak = 788.043 ; gain = 525.539
---------------------------------------------------------------------------------
---------------------------------------------------------------------------------
Start Handling Custom Attributes
---------------------------------------------------------------------------------
---------------------------------------------------------------------------------
Finished Handling Custom Attributes : Time (s): cpu = 00:00:18 ; elapsed = 00:00:19 . Memory (MB): peak = 788.043 ; gain = 525.539
---------------------------------------------------------------------------------
---------------------------------------------------------------------------------
Start Renaming Generated Nets
---------------------------------------------------------------------------------
---------------------------------------------------------------------------------
Finished Renaming Generated Nets : Time (s): cpu = 00:00:18 ; elapsed = 00:00:19 . Memory (MB): peak = 788.043 ; gain = 525.539
---------------------------------------------------------------------------------
---------------------------------------------------------------------------------
Start Writing Synthesis Report
---------------------------------------------------------------------------------

Report BlackBoxes: 
+-+--------------+----------+
| |BlackBox name |Instances |
+-+--------------+----------+
+-+--------------+----------+

Report Cell Usage: 
+------+-------+------+
|      |Cell   |Count |
+------+-------+------+
|1     |BUFG   |     3|
|2     |CARRY4 |    40|
|3     |LUT1   |    35|
|4     |LUT2   |    16|
|5     |LUT3   |    20|
|6     |LUT4   |    31|
|7     |LUT5   |    39|
|8     |LUT6   |    74|
|9     |MUXF7  |     8|
|10    |FDRE   |   172|
|11    |FDSE   |    36|
|12    |IBUF   |     1|
|13    |OBUF   |    24|
+------+-------+------+

Report Instance Areas: 
+------+------------------+-----------------------------------+------+
|      |Instance          |Module                             |Cells |
+------+------------------+-----------------------------------+------+
|1     |top               |                                   |   499|
|2     |  display_time    |multi_segs_controller              |   185|
|3     |    segs_division |frequency_division__parameterized0 |    27|
|4     |  second_update   |frequency_division                 |    40|
+------+------------------+-----------------------------------+------+
---------------------------------------------------------------------------------
Finished Writing Synthesis Report : Time (s): cpu = 00:00:18 ; elapsed = 00:00:19 . Memory (MB): peak = 788.043 ; gain = 525.539
---------------------------------------------------------------------------------
Synthesis finished with 0 errors, 0 critical warnings and 1 warnings.
Synthesis Optimization Runtime : Time (s): cpu = 00:00:13 ; elapsed = 00:00:15 . Memory (MB): peak = 788.043 ; gain = 200.172
Synthesis Optimization Complete : Time (s): cpu = 00:00:19 ; elapsed = 00:00:19 . Memory (MB): peak = 788.043 ; gain = 525.539
INFO: [Project 1-571] Translating synthesized netlist
INFO: [Netlist 29-17] Analyzing 48 Unisim elements for replacement
INFO: [Netlist 29-28] Unisim Transformation completed in 0 CPU seconds
INFO: [Project 1-570] Preparing netlist for logic optimization
INFO: [Opt 31-138] Pushed 0 inverter(s) to 0 load pin(s).
Netlist sorting complete. Time (s): cpu = 00:00:00 ; elapsed = 00:00:00 . Memory (MB): peak = 788.043 ; gain = 0.000
INFO: [Project 1-111] Unisim Transformation Summary:
No Unisim elements were transformed.

INFO: [Common 17-83] Releasing license: Synthesis
47 Infos, 103 Warnings, 118 Critical Warnings and 0 Errors encountered.
synth_design completed successfully
synth_design: Time (s): cpu = 00:00:19 ; elapsed = 00:00:21 . Memory (MB): peak = 788.043 ; gain = 538.270
Netlist sorting complete. Time (s): cpu = 00:00:00 ; elapsed = 00:00:00 . Memory (MB): peak = 788.043 ; gain = 0.000
WARNING: [Constraints 18-5210] No constraints selected for write.
Resolution: This message can indicate that there are no constraints for the design, or it can indicate that the used_in flags are set such that the constraints are ignored. This later case is used when running synth_design to not write synthesis constraints to the resulting checkpoint. Instead, project constraints are read when the synthesized design is opened.
INFO: [Common 17-1381] The checkpoint 'C:/Users/Administrator/Downloads/LANDrop/Seg-Time-Display/Seg-Time-Display.runs/synth_1/time_display.dcp' has been generated.
INFO: [runtcl-4] Executing : report_utilization -file time_display_utilization_synth.rpt -pb time_display_utilization_synth.pb
INFO: [Common 17-206] Exiting Vivado at Fri Sep  9 13:54:27 2022...
