#-----------------------------------------------------------
# Vivado v2018.3 (64-bit)
# SW Build 2405991 on Thu Dec  6 23:38:27 MST 2018
# IP Build 2404404 on Fri Dec  7 01:43:56 MST 2018
# Start of session at: Wed Sep  7 15:51:21 2022
# Process ID: 2360
# Current directory: C:/Users/Administrator/Downloads/LANDrop/Seg_Display
# Command line: vivado.exe -gui_launcher_event rodinguilauncherevent10440 C:\Users\Administrator\Downloads\LANDrop\Seg_Display\Seg_Display.xpr
# Log file: C:/Users/Administrator/Downloads/LANDrop/Seg_Display/vivado.log
# Journal file: C:/Users/Administrator/Downloads/LANDrop/Seg_Display\vivado.jou
#-----------------------------------------------------------
start_gui
open_project C:/Users/Administrator/Downloads/LANDrop/Seg_Display/Seg_Display.xpr
INFO: [Project 1-313] Project file moved from 'C:/Users/lazyman/VivadoProject/Seg_Display' since last save.
Scanning sources...
Finished scanning sources
INFO: [IP_Flow 19-234] Refreshing IP repositories
INFO: [IP_Flow 19-1704] No user IP repositories specified
INFO: [IP_Flow 19-2313] Loaded Vivado IP repository 'D:/Xlinx/Vivado/2018.3/data/ip'.
open_project: Time (s): cpu = 00:00:11 ; elapsed = 00:00:07 . Memory (MB): peak = 695.254 ; gain = 125.055
update_compile_order -fileset sources_1
reset_run synth_1
WARNING: [Vivado 12-1017] Problems encountered:
1. Failed to delete one or more files in run directory C:/Users/Administrator/Downloads/LANDrop/Seg_Display/Seg_Display.runs/synth_1

launch_runs impl_1 -to_step write_bitstream -jobs 8
[Wed Sep  7 15:55:56 2022] Launched synth_1...
Run output will be captured here: C:/Users/Administrator/Downloads/LANDrop/Seg_Display/Seg_Display.runs/synth_1/runme.log
[Wed Sep  7 15:55:56 2022] Launched impl_1...
Run output will be captured here: C:/Users/Administrator/Downloads/LANDrop/Seg_Display/Seg_Display.runs/impl_1/runme.log
open_run impl_1
INFO: [Project 1-479] Netlist was created with Vivado 2018.3
INFO: [Device 21-403] Loading part xc7a35tcsg324-1
INFO: [Project 1-570] Preparing netlist for logic optimization
INFO: [Timing 38-478] Restoring timing data from binary archive.
INFO: [Timing 38-479] Binary timing data restore complete.
INFO: [Project 1-856] Restoring constraints from binary archive.
INFO: [Project 1-853] Binary constraint restore complete.
Reading XDEF placement.
Reading placer database...
Reading XDEF routing.
Read XDEF File: Time (s): cpu = 00:00:00 ; elapsed = 00:00:00.027 . Memory (MB): peak = 1790.844 ; gain = 0.000
Restored from archive | CPU: 0.000000 secs | Memory: 0.000000 MB |
Finished XDEF File Restore: Time (s): cpu = 00:00:00 ; elapsed = 00:00:00.027 . Memory (MB): peak = 1790.844 ; gain = 0.000
Netlist sorting complete. Time (s): cpu = 00:00:00 ; elapsed = 00:00:00 . Memory (MB): peak = 1790.844 ; gain = 0.000
INFO: [Project 1-111] Unisim Transformation Summary:
No Unisim elements were transformed.

open_run: Time (s): cpu = 00:00:16 ; elapsed = 00:00:14 . Memory (MB): peak = 1790.844 ; gain = 0.000
WARNING: [Timing 38-313] There are no user specified timing constraints. Timing constraints are needed for proper timing analysis.
reset_run impl_1 -prev_step 
launch_runs impl_1 -to_step write_bitstream -jobs 8
[Wed Sep  7 20:38:23 2022] Launched impl_1...
Run output will be captured here: C:/Users/Administrator/Downloads/LANDrop/Seg_Display/Seg_Display.runs/impl_1/runme.log
reset_run impl_1 -prev_step 
launch_runs impl_1 -to_step write_bitstream -jobs 8
[Wed Sep  7 20:39:04 2022] Launched impl_1...
Run output will be captured here: C:/Users/Administrator/Downloads/LANDrop/Seg_Display/Seg_Display.runs/impl_1/runme.log
reset_run impl_1 -prev_step 
WARNING: [Vivado 12-1017] Problems encountered:
1. PID not specified

reset_run synth_1
WARNING: [Vivado 12-1017] Problems encountered:
1. PID not specified
2. Failed to delete one or more files in run directory C:/Users/Administrator/Downloads/LANDrop/Seg_Display/Seg_Display.runs/synth_1

launch_runs impl_1 -to_step write_bitstream -jobs 8
[Wed Sep  7 20:39:22 2022] Launched synth_1...
Run output will be captured here: C:/Users/Administrator/Downloads/LANDrop/Seg_Display/Seg_Display.runs/synth_1/runme.log
[Wed Sep  7 20:39:22 2022] Launched impl_1...
Run output will be captured here: C:/Users/Administrator/Downloads/LANDrop/Seg_Display/Seg_Display.runs/impl_1/runme.log
reset_run synth_1
WARNING: [Vivado 12-1017] Problems encountered:
1. Failed to delete one or more files in run directory C:/Users/Administrator/Downloads/LANDrop/Seg_Display/Seg_Display.runs/synth_1

launch_runs impl_1 -to_step write_bitstream -jobs 8
[Wed Sep  7 20:39:54 2022] Launched synth_1...
Run output will be captured here: C:/Users/Administrator/Downloads/LANDrop/Seg_Display/Seg_Display.runs/synth_1/runme.log
[Wed Sep  7 20:39:54 2022] Launched impl_1...
Run output will be captured here: C:/Users/Administrator/Downloads/LANDrop/Seg_Display/Seg_Display.runs/impl_1/runme.log
open_hw
connect_hw_server
INFO: [Labtools 27-2285] Connecting to hw_server url TCP:localhost:3121
INFO: [Labtools 27-2222] Launching hw_server...
INFO: [Labtools 27-2221] Launch Output:

****** Xilinx hw_server v2018.3
  **** Build date : Dec  7 2018-00:40:27
    ** Copyright 1986-2018 Xilinx, Inc. All Rights Reserved.


open_hw_target
INFO: [Labtoolstcl 44-466] Opening hw_target localhost:3121/xilinx_tcf/Xilinx/1234-tulA
set_property PROGRAM.FILE {C:/Users/Administrator/Downloads/LANDrop/Seg_Display/Seg_Display.runs/impl_1/seg_single_display.bit} [get_hw_devices xc7a35t_0]
current_hw_device [get_hw_devices xc7a35t_0]
refresh_hw_device -update_hw_probes false [lindex [get_hw_devices xc7a35t_0] 0]
INFO: [Labtools 27-1434] Device xc7a35t (JTAG device index = 0) is programmed with a design that has no supported debug core(s) in it.
set_property PROBES.FILE {} [get_hw_devices xc7a35t_0]
set_property FULL_PROBES.FILE {} [get_hw_devices xc7a35t_0]
set_property PROGRAM.FILE {C:/Users/Administrator/Downloads/LANDrop/Seg_Display/Seg_Display.runs/impl_1/seg_single_display.bit} [get_hw_devices xc7a35t_0]
program_hw_devices [get_hw_devices xc7a35t_0]
INFO: [Labtools 27-3164] End of startup status: HIGH
refresh_hw_device [lindex [get_hw_devices xc7a35t_0] 0]
INFO: [Labtools 27-1434] Device xc7a35t (JTAG device index = 0) is programmed with a design that has no supported debug core(s) in it.
reset_run synth_1
WARNING: [Vivado 12-1017] Problems encountered:
1. Failed to delete one or more files in run directory C:/Users/Administrator/Downloads/LANDrop/Seg_Display/Seg_Display.runs/synth_1

launch_runs impl_1 -to_step write_bitstream -jobs 8
[Wed Sep  7 20:51:15 2022] Launched synth_1...
Run output will be captured here: C:/Users/Administrator/Downloads/LANDrop/Seg_Display/Seg_Display.runs/synth_1/runme.log
[Wed Sep  7 20:51:15 2022] Launched impl_1...
Run output will be captured here: C:/Users/Administrator/Downloads/LANDrop/Seg_Display/Seg_Display.runs/impl_1/runme.log
set_property PROBES.FILE {} [get_hw_devices xc7a35t_0]
set_property FULL_PROBES.FILE {} [get_hw_devices xc7a35t_0]
set_property PROGRAM.FILE {C:/Users/Administrator/Downloads/LANDrop/Seg_Display/Seg_Display.runs/impl_1/seg_single_display.bit} [get_hw_devices xc7a35t_0]
program_hw_devices [get_hw_devices xc7a35t_0]
INFO: [Labtools 27-3164] End of startup status: HIGH
refresh_hw_device [lindex [get_hw_devices xc7a35t_0] 0]
INFO: [Labtools 27-1434] Device xc7a35t (JTAG device index = 0) is programmed with a design that has no supported debug core(s) in it.
set_property PROBES.FILE {} [get_hw_devices xc7a35t_0]
set_property FULL_PROBES.FILE {} [get_hw_devices xc7a35t_0]
set_property PROGRAM.FILE {C:/Users/Administrator/Downloads/LANDrop/Seg_Display/Seg_Display.runs/impl_1/seg_single_display.bit} [get_hw_devices xc7a35t_0]
program_hw_devices [get_hw_devices xc7a35t_0]
INFO: [Labtools 27-3164] End of startup status: HIGH
refresh_hw_device [lindex [get_hw_devices xc7a35t_0] 0]
INFO: [Labtools 27-1434] Device xc7a35t (JTAG device index = 0) is programmed with a design that has no supported debug core(s) in it.
reset_run synth_1
WARNING: [Vivado 12-1017] Problems encountered:
1. Failed to delete one or more files in run directory C:/Users/Administrator/Downloads/LANDrop/Seg_Display/Seg_Display.runs/synth_1

launch_runs impl_1 -to_step write_bitstream -jobs 8
[Wed Sep  7 21:07:03 2022] Launched synth_1...
Run output will be captured here: C:/Users/Administrator/Downloads/LANDrop/Seg_Display/Seg_Display.runs/synth_1/runme.log
[Wed Sep  7 21:07:03 2022] Launched impl_1...
Run output will be captured here: C:/Users/Administrator/Downloads/LANDrop/Seg_Display/Seg_Display.runs/impl_1/runme.log
set_property PROBES.FILE {} [get_hw_devices xc7a35t_0]
set_property FULL_PROBES.FILE {} [get_hw_devices xc7a35t_0]
set_property PROGRAM.FILE {C:/Users/Administrator/Downloads/LANDrop/Seg_Display/Seg_Display.runs/impl_1/seg_single_display.bit} [get_hw_devices xc7a35t_0]
program_hw_devices [get_hw_devices xc7a35t_0]
INFO: [Labtools 27-3164] End of startup status: HIGH
refresh_hw_device [lindex [get_hw_devices xc7a35t_0] 0]
INFO: [Labtools 27-1434] Device xc7a35t (JTAG device index = 0) is programmed with a design that has no supported debug core(s) in it.
reset_run synth_1
WARNING: [Vivado 12-1017] Problems encountered:
1. Failed to delete one or more files in run directory C:/Users/Administrator/Downloads/LANDrop/Seg_Display/Seg_Display.runs/synth_1

launch_runs impl_1 -to_step write_bitstream -jobs 8
[Wed Sep  7 21:08:56 2022] Launched synth_1...
Run output will be captured here: C:/Users/Administrator/Downloads/LANDrop/Seg_Display/Seg_Display.runs/synth_1/runme.log
[Wed Sep  7 21:08:56 2022] Launched impl_1...
Run output will be captured here: C:/Users/Administrator/Downloads/LANDrop/Seg_Display/Seg_Display.runs/impl_1/runme.log
reset_run synth_1
WARNING: [Vivado 12-1017] Problems encountered:
1. Failed to delete one or more files in run directory C:/Users/Administrator/Downloads/LANDrop/Seg_Display/Seg_Display.runs/synth_1

launch_runs impl_1 -to_step write_bitstream -jobs 8
[Wed Sep  7 21:10:37 2022] Launched synth_1...
Run output will be captured here: C:/Users/Administrator/Downloads/LANDrop/Seg_Display/Seg_Display.runs/synth_1/runme.log
[Wed Sep  7 21:10:37 2022] Launched impl_1...
Run output will be captured here: C:/Users/Administrator/Downloads/LANDrop/Seg_Display/Seg_Display.runs/impl_1/runme.log
set_property PROBES.FILE {} [get_hw_devices xc7a35t_0]
set_property FULL_PROBES.FILE {} [get_hw_devices xc7a35t_0]
set_property PROGRAM.FILE {C:/Users/Administrator/Downloads/LANDrop/Seg_Display/Seg_Display.runs/impl_1/seg_single_display.bit} [get_hw_devices xc7a35t_0]
program_hw_devices [get_hw_devices xc7a35t_0]
INFO: [Labtools 27-3164] End of startup status: HIGH
refresh_hw_device [lindex [get_hw_devices xc7a35t_0] 0]
INFO: [Labtools 27-1434] Device xc7a35t (JTAG device index = 0) is programmed with a design that has no supported debug core(s) in it.
set_property PROBES.FILE {} [get_hw_devices xc7a35t_0]
set_property FULL_PROBES.FILE {} [get_hw_devices xc7a35t_0]
set_property PROGRAM.FILE {C:/Users/Administrator/Downloads/LANDrop/Seg_Display/Seg_Display.runs/impl_1/seg_single_display.bit} [get_hw_devices xc7a35t_0]
program_hw_devices [get_hw_devices xc7a35t_0]
INFO: [Labtools 27-3164] End of startup status: HIGH
refresh_hw_device [lindex [get_hw_devices xc7a35t_0] 0]
INFO: [Labtools 27-1434] Device xc7a35t (JTAG device index = 0) is programmed with a design that has no supported debug core(s) in it.
reset_run synth_1
WARNING: [Vivado 12-1017] Problems encountered:
1. Failed to delete one or more files in run directory C:/Users/Administrator/Downloads/LANDrop/Seg_Display/Seg_Display.runs/synth_1

launch_runs impl_1 -to_step write_bitstream -jobs 8
[Wed Sep  7 21:13:00 2022] Launched synth_1...
Run output will be captured here: C:/Users/Administrator/Downloads/LANDrop/Seg_Display/Seg_Display.runs/synth_1/runme.log
[Wed Sep  7 21:13:00 2022] Launched impl_1...
Run output will be captured here: C:/Users/Administrator/Downloads/LANDrop/Seg_Display/Seg_Display.runs/impl_1/runme.log
set_property PROBES.FILE {} [get_hw_devices xc7a35t_0]
set_property FULL_PROBES.FILE {} [get_hw_devices xc7a35t_0]
set_property PROGRAM.FILE {C:/Users/Administrator/Downloads/LANDrop/Seg_Display/Seg_Display.runs/impl_1/seg_single_display.bit} [get_hw_devices xc7a35t_0]
program_hw_devices [get_hw_devices xc7a35t_0]
INFO: [Labtools 27-3164] End of startup status: HIGH
refresh_hw_device [lindex [get_hw_devices xc7a35t_0] 0]
INFO: [Labtools 27-1434] Device xc7a35t (JTAG device index = 0) is programmed with a design that has no supported debug core(s) in it.
reset_run impl_1
launch_runs impl_1 -jobs 8
[Wed Sep  7 21:14:42 2022] Launched impl_1...
Run output will be captured here: C:/Users/Administrator/Downloads/LANDrop/Seg_Display/Seg_Display.runs/impl_1/runme.log
reset_run synth_1
WARNING: [Vivado 12-1017] Problems encountered:
1. Failed to delete one or more files in run directory C:/Users/Administrator/Downloads/LANDrop/Seg_Display/Seg_Display.runs/synth_1

launch_runs impl_1 -to_step write_bitstream -jobs 8
[Wed Sep  7 21:16:45 2022] Launched synth_1...
Run output will be captured here: C:/Users/Administrator/Downloads/LANDrop/Seg_Display/Seg_Display.runs/synth_1/runme.log
[Wed Sep  7 21:16:45 2022] Launched impl_1...
Run output will be captured here: C:/Users/Administrator/Downloads/LANDrop/Seg_Display/Seg_Display.runs/impl_1/runme.log
refresh_design
INFO: [Project 1-479] Netlist was created with Vivado 2018.3
INFO: [Project 1-570] Preparing netlist for logic optimization
INFO: [Timing 38-478] Restoring timing data from binary archive.
INFO: [Timing 38-479] Binary timing data restore complete.
INFO: [Project 1-856] Restoring constraints from binary archive.
INFO: [Project 1-853] Binary constraint restore complete.
Reading XDEF placement.
Reading placer database...
Reading XDEF routing.
Read XDEF File: Time (s): cpu = 00:00:00 ; elapsed = 00:00:00.026 . Memory (MB): peak = 2755.730 ; gain = 0.000
Restored from archive | CPU: 0.000000 secs | Memory: 0.000000 MB |
Finished XDEF File Restore: Time (s): cpu = 00:00:00 ; elapsed = 00:00:00.026 . Memory (MB): peak = 2755.730 ; gain = 0.000
WARNING: [Timing 38-313] There are no user specified timing constraints. Timing constraints are needed for proper timing analysis.
reset_run synth_1
WARNING: [Vivado 12-1017] Problems encountered:
1. Failed to delete one or more files in run directory C:/Users/Administrator/Downloads/LANDrop/Seg_Display/Seg_Display.runs/synth_1

launch_runs impl_1 -to_step write_bitstream -jobs 8
[Wed Sep  7 21:19:10 2022] Launched synth_1...
Run output will be captured here: C:/Users/Administrator/Downloads/LANDrop/Seg_Display/Seg_Display.runs/synth_1/runme.log
[Wed Sep  7 21:19:10 2022] Launched impl_1...
Run output will be captured here: C:/Users/Administrator/Downloads/LANDrop/Seg_Display/Seg_Display.runs/impl_1/runme.log
set_property PROBES.FILE {} [get_hw_devices xc7a35t_0]
set_property FULL_PROBES.FILE {} [get_hw_devices xc7a35t_0]
set_property PROGRAM.FILE {C:/Users/Administrator/Downloads/LANDrop/Seg_Display/Seg_Display.runs/impl_1/seg_single_display.bit} [get_hw_devices xc7a35t_0]
program_hw_devices [get_hw_devices xc7a35t_0]
INFO: [Labtools 27-3164] End of startup status: HIGH
refresh_hw_device [lindex [get_hw_devices xc7a35t_0] 0]
INFO: [Labtools 27-1434] Device xc7a35t (JTAG device index = 0) is programmed with a design that has no supported debug core(s) in it.
close [ open C:/Users/Administrator/Downloads/LANDrop/Seg_Display/Seg_Display.srcs/sources_1/new/multi_seg_controler.v w ]
add_files C:/Users/Administrator/Downloads/LANDrop/Seg_Display/Seg_Display.srcs/sources_1/new/multi_seg_controler.v
update_compile_order -fileset sources_1
close [ open C:/Users/Administrator/Downloads/LANDrop/Seg_Display/Seg_Display.srcs/sources_1/new/frequency_division.v w ]
add_files C:/Users/Administrator/Downloads/LANDrop/Seg_Display/Seg_Display.srcs/sources_1/new/frequency_division.v
update_compile_order -fileset sources_1
reset_run synth_1
WARNING: [Vivado 12-1017] Problems encountered:
1. Failed to delete one or more files in run directory C:/Users/Administrator/Downloads/LANDrop/Seg_Display/Seg_Display.runs/synth_1

launch_runs impl_1 -to_step write_bitstream -jobs 8
[Wed Sep  7 21:46:00 2022] Launched synth_1...
Run output will be captured here: C:/Users/Administrator/Downloads/LANDrop/Seg_Display/Seg_Display.runs/synth_1/runme.log
[Wed Sep  7 21:46:00 2022] Launched impl_1...
Run output will be captured here: C:/Users/Administrator/Downloads/LANDrop/Seg_Display/Seg_Display.runs/impl_1/runme.log
set_property PROBES.FILE {} [get_hw_devices xc7a35t_0]
set_property FULL_PROBES.FILE {} [get_hw_devices xc7a35t_0]
set_property PROGRAM.FILE {C:/Users/Administrator/Downloads/LANDrop/Seg_Display/Seg_Display.runs/impl_1/seg_single_display.bit} [get_hw_devices xc7a35t_0]
program_hw_devices [get_hw_devices xc7a35t_0]
INFO: [Labtools 27-3164] End of startup status: HIGH
refresh_hw_device [lindex [get_hw_devices xc7a35t_0] 0]
INFO: [Labtools 27-1434] Device xc7a35t (JTAG device index = 0) is programmed with a design that has no supported debug core(s) in it.
set_property PROBES.FILE {} [get_hw_devices xc7a35t_0]
set_property FULL_PROBES.FILE {} [get_hw_devices xc7a35t_0]
set_property PROGRAM.FILE {C:/Users/Administrator/Downloads/LANDrop/Seg_Display/Seg_Display.runs/impl_1/seg_single_display.bit} [get_hw_devices xc7a35t_0]
program_hw_devices [get_hw_devices xc7a35t_0]
INFO: [Labtools 27-3164] End of startup status: HIGH
refresh_hw_device [lindex [get_hw_devices xc7a35t_0] 0]
INFO: [Labtools 27-1434] Device xc7a35t (JTAG device index = 0) is programmed with a design that has no supported debug core(s) in it.
reset_run synth_1
WARNING: [Vivado 12-1017] Problems encountered:
1. Failed to delete one or more files in run directory C:/Users/Administrator/Downloads/LANDrop/Seg_Display/Seg_Display.runs/synth_1

launch_runs impl_1 -to_step write_bitstream -jobs 8
[Wed Sep  7 21:54:59 2022] Launched synth_1...
Run output will be captured here: C:/Users/Administrator/Downloads/LANDrop/Seg_Display/Seg_Display.runs/synth_1/runme.log
[Wed Sep  7 21:54:59 2022] Launched impl_1...
Run output will be captured here: C:/Users/Administrator/Downloads/LANDrop/Seg_Display/Seg_Display.runs/impl_1/runme.log
update_compile_order -fileset sources_1
update_compile_order -fileset sources_1
update_compile_order -fileset sources_1
update_compile_order -fileset sources_1
update_compile_order -fileset sources_1
update_compile_order -fileset sources_1
update_compile_order -fileset sources_1
update_compile_order -fileset sources_1
update_compile_order -fileset sources_1
update_compile_order -fileset sources_1
reset_run synth_1
WARNING: [Vivado 12-1017] Problems encountered:
1. Failed to delete one or more files in run directory C:/Users/Administrator/Downloads/LANDrop/Seg_Display/Seg_Display.runs/synth_1

launch_runs impl_1 -to_step write_bitstream -jobs 8
[Wed Sep  7 23:58:30 2022] Launched synth_1...
Run output will be captured here: C:/Users/Administrator/Downloads/LANDrop/Seg_Display/Seg_Display.runs/synth_1/runme.log
[Wed Sep  7 23:58:30 2022] Launched impl_1...
Run output will be captured here: C:/Users/Administrator/Downloads/LANDrop/Seg_Display/Seg_Display.runs/impl_1/runme.log
reset_run synth_1
WARNING: [Vivado 12-1017] Problems encountered:
1. Failed to delete one or more files in run directory C:/Users/Administrator/Downloads/LANDrop/Seg_Display/Seg_Display.runs/synth_1

launch_runs impl_1 -to_step write_bitstream -jobs 8
[Wed Sep  7 23:59:31 2022] Launched synth_1...
Run output will be captured here: C:/Users/Administrator/Downloads/LANDrop/Seg_Display/Seg_Display.runs/synth_1/runme.log
[Wed Sep  7 23:59:31 2022] Launched impl_1...
Run output will be captured here: C:/Users/Administrator/Downloads/LANDrop/Seg_Display/Seg_Display.runs/impl_1/runme.log
reset_run synth_1
WARNING: [Vivado 12-1017] Problems encountered:
1. Failed to delete one or more files in run directory C:/Users/Administrator/Downloads/LANDrop/Seg_Display/Seg_Display.runs/synth_1

launch_runs impl_1 -to_step write_bitstream -jobs 8
[Thu Sep  8 00:01:09 2022] Launched synth_1...
Run output will be captured here: C:/Users/Administrator/Downloads/LANDrop/Seg_Display/Seg_Display.runs/synth_1/runme.log
[Thu Sep  8 00:01:09 2022] Launched impl_1...
Run output will be captured here: C:/Users/Administrator/Downloads/LANDrop/Seg_Display/Seg_Display.runs/impl_1/runme.log
refresh_hw_device [lindex [get_hw_devices xc7a35t_0] 0]
INFO: [Labtools 27-1434] Device xc7a35t (JTAG device index = 0) is programmed with a design that has no supported debug core(s) in it.
set_property PROBES.FILE {} [get_hw_devices xc7a35t_0]
set_property FULL_PROBES.FILE {} [get_hw_devices xc7a35t_0]
set_property PROGRAM.FILE {C:/Users/Administrator/Downloads/LANDrop/Seg_Display/Seg_Display.runs/impl_1/multi_seg_controler.bit} [get_hw_devices xc7a35t_0]
program_hw_devices [get_hw_devices xc7a35t_0]
INFO: [Labtools 27-3164] End of startup status: HIGH
refresh_hw_device [lindex [get_hw_devices xc7a35t_0] 0]
INFO: [Labtools 27-1434] Device xc7a35t (JTAG device index = 0) is programmed with a design that has no supported debug core(s) in it.
reset_run impl_1 -prev_step 
launch_runs impl_1 -to_step write_bitstream -jobs 8
WARNING: [Vivado 12-872] Run step 'Design Initialization' is out-of-date.
[Thu Sep  8 00:03:41 2022] Launched impl_1...
Run output will be captured here: C:/Users/Administrator/Downloads/LANDrop/Seg_Display/Seg_Display.runs/impl_1/runme.log
refresh_hw_device [lindex [get_hw_devices xc7a35t_0] 0]
INFO: [Labtools 27-1434] Device xc7a35t (JTAG device index = 0) is programmed with a design that has no supported debug core(s) in it.
reset_run impl_1 -prev_step 
reset_run synth_1
WARNING: [Vivado 12-1017] Problems encountered:
1. Failed to delete one or more files in run directory C:/Users/Administrator/Downloads/LANDrop/Seg_Display/Seg_Display.runs/synth_1

launch_runs impl_1 -to_step write_bitstream -jobs 8
[Thu Sep  8 00:04:07 2022] Launched synth_1...
Run output will be captured here: C:/Users/Administrator/Downloads/LANDrop/Seg_Display/Seg_Display.runs/synth_1/runme.log
[Thu Sep  8 00:04:07 2022] Launched impl_1...
Run output will be captured here: C:/Users/Administrator/Downloads/LANDrop/Seg_Display/Seg_Display.runs/impl_1/runme.log
set_property PROBES.FILE {} [get_hw_devices xc7a35t_0]
set_property FULL_PROBES.FILE {} [get_hw_devices xc7a35t_0]
set_property PROGRAM.FILE {C:/Users/Administrator/Downloads/LANDrop/Seg_Display/Seg_Display.runs/impl_1/multi_seg_controler.bit} [get_hw_devices xc7a35t_0]
program_hw_devices [get_hw_devices xc7a35t_0]
INFO: [Labtools 27-3164] End of startup status: HIGH
refresh_hw_device [lindex [get_hw_devices xc7a35t_0] 0]
INFO: [Labtools 27-1434] Device xc7a35t (JTAG device index = 0) is programmed with a design that has no supported debug core(s) in it.
reset_run synth_1
WARNING: [Vivado 12-1017] Problems encountered:
1. Failed to delete one or more files in run directory C:/Users/Administrator/Downloads/LANDrop/Seg_Display/Seg_Display.runs/synth_1

launch_runs impl_1 -to_step write_bitstream -jobs 8
[Thu Sep  8 00:05:40 2022] Launched synth_1...
Run output will be captured here: C:/Users/Administrator/Downloads/LANDrop/Seg_Display/Seg_Display.runs/synth_1/runme.log
[Thu Sep  8 00:05:40 2022] Launched impl_1...
Run output will be captured here: C:/Users/Administrator/Downloads/LANDrop/Seg_Display/Seg_Display.runs/impl_1/runme.log
set_property PROBES.FILE {} [get_hw_devices xc7a35t_0]
set_property FULL_PROBES.FILE {} [get_hw_devices xc7a35t_0]
set_property PROGRAM.FILE {C:/Users/Administrator/Downloads/LANDrop/Seg_Display/Seg_Display.runs/impl_1/multi_seg_controler.bit} [get_hw_devices xc7a35t_0]
program_hw_devices [get_hw_devices xc7a35t_0]
INFO: [Labtools 27-3164] End of startup status: HIGH
refresh_hw_device [lindex [get_hw_devices xc7a35t_0] 0]
INFO: [Labtools 27-1434] Device xc7a35t (JTAG device index = 0) is programmed with a design that has no supported debug core(s) in it.
reset_run synth_1
WARNING: [Vivado 12-1017] Problems encountered:
1. Failed to delete one or more files in run directory C:/Users/Administrator/Downloads/LANDrop/Seg_Display/Seg_Display.runs/synth_1

launch_runs impl_1 -to_step write_bitstream -jobs 8
[Thu Sep  8 00:07:12 2022] Launched synth_1...
Run output will be captured here: C:/Users/Administrator/Downloads/LANDrop/Seg_Display/Seg_Display.runs/synth_1/runme.log
[Thu Sep  8 00:07:12 2022] Launched impl_1...
Run output will be captured here: C:/Users/Administrator/Downloads/LANDrop/Seg_Display/Seg_Display.runs/impl_1/runme.log
reset_run synth_1
WARNING: [Vivado 12-1017] Problems encountered:
1. Failed to delete one or more files in run directory C:/Users/Administrator/Downloads/LANDrop/Seg_Display/Seg_Display.runs/synth_1

launch_runs impl_1 -to_step write_bitstream -jobs 8
[Thu Sep  8 00:08:22 2022] Launched synth_1...
Run output will be captured here: C:/Users/Administrator/Downloads/LANDrop/Seg_Display/Seg_Display.runs/synth_1/runme.log
[Thu Sep  8 00:08:22 2022] Launched impl_1...
Run output will be captured here: C:/Users/Administrator/Downloads/LANDrop/Seg_Display/Seg_Display.runs/impl_1/runme.log
set_property PROBES.FILE {} [get_hw_devices xc7a35t_0]
set_property FULL_PROBES.FILE {} [get_hw_devices xc7a35t_0]
set_property PROGRAM.FILE {C:/Users/Administrator/Downloads/LANDrop/Seg_Display/Seg_Display.runs/impl_1/multi_seg_controler.bit} [get_hw_devices xc7a35t_0]
program_hw_devices [get_hw_devices xc7a35t_0]
INFO: [Labtools 27-3164] End of startup status: HIGH
refresh_hw_device [lindex [get_hw_devices xc7a35t_0] 0]
INFO: [Labtools 27-1434] Device xc7a35t (JTAG device index = 0) is programmed with a design that has no supported debug core(s) in it.
reset_run synth_1
WARNING: [Vivado 12-1017] Problems encountered:
1. Failed to delete one or more files in run directory C:/Users/Administrator/Downloads/LANDrop/Seg_Display/Seg_Display.runs/synth_1

launch_runs impl_1 -to_step write_bitstream -jobs 8
[Thu Sep  8 00:10:56 2022] Launched synth_1...
Run output will be captured here: C:/Users/Administrator/Downloads/LANDrop/Seg_Display/Seg_Display.runs/synth_1/runme.log
[Thu Sep  8 00:10:56 2022] Launched impl_1...
Run output will be captured here: C:/Users/Administrator/Downloads/LANDrop/Seg_Display/Seg_Display.runs/impl_1/runme.log
set_property PROBES.FILE {} [get_hw_devices xc7a35t_0]
set_property FULL_PROBES.FILE {} [get_hw_devices xc7a35t_0]
set_property PROGRAM.FILE {C:/Users/Administrator/Downloads/LANDrop/Seg_Display/Seg_Display.runs/impl_1/multi_seg_controler.bit} [get_hw_devices xc7a35t_0]
program_hw_devices [get_hw_devices xc7a35t_0]
INFO: [Labtools 27-3164] End of startup status: HIGH
refresh_hw_device [lindex [get_hw_devices xc7a35t_0] 0]
INFO: [Labtools 27-1434] Device xc7a35t (JTAG device index = 0) is programmed with a design that has no supported debug core(s) in it.
reset_run synth_1
WARNING: [Vivado 12-1017] Problems encountered:
1. Failed to delete one or more files in run directory C:/Users/Administrator/Downloads/LANDrop/Seg_Display/Seg_Display.runs/synth_1

launch_runs impl_1 -to_step write_bitstream -jobs 8
[Thu Sep  8 00:13:12 2022] Launched synth_1...
Run output will be captured here: C:/Users/Administrator/Downloads/LANDrop/Seg_Display/Seg_Display.runs/synth_1/runme.log
[Thu Sep  8 00:13:12 2022] Launched impl_1...
Run output will be captured here: C:/Users/Administrator/Downloads/LANDrop/Seg_Display/Seg_Display.runs/impl_1/runme.log
set_property PROBES.FILE {} [get_hw_devices xc7a35t_0]
set_property FULL_PROBES.FILE {} [get_hw_devices xc7a35t_0]
set_property PROGRAM.FILE {C:/Users/Administrator/Downloads/LANDrop/Seg_Display/Seg_Display.runs/impl_1/multi_seg_controler.bit} [get_hw_devices xc7a35t_0]
program_hw_devices [get_hw_devices xc7a35t_0]
INFO: [Labtools 27-3164] End of startup status: HIGH
refresh_hw_device [lindex [get_hw_devices xc7a35t_0] 0]
INFO: [Labtools 27-1434] Device xc7a35t (JTAG device index = 0) is programmed with a design that has no supported debug core(s) in it.
reset_run synth_1
WARNING: [Vivado 12-1017] Problems encountered:
1. Failed to delete one or more files in run directory C:/Users/Administrator/Downloads/LANDrop/Seg_Display/Seg_Display.runs/synth_1

launch_runs impl_1 -to_step write_bitstream -jobs 8
[Thu Sep  8 00:15:40 2022] Launched synth_1...
Run output will be captured here: C:/Users/Administrator/Downloads/LANDrop/Seg_Display/Seg_Display.runs/synth_1/runme.log
[Thu Sep  8 00:15:40 2022] Launched impl_1...
Run output will be captured here: C:/Users/Administrator/Downloads/LANDrop/Seg_Display/Seg_Display.runs/impl_1/runme.log
set_property PROBES.FILE {} [get_hw_devices xc7a35t_0]
set_property FULL_PROBES.FILE {} [get_hw_devices xc7a35t_0]
set_property PROGRAM.FILE {C:/Users/Administrator/Downloads/LANDrop/Seg_Display/Seg_Display.runs/impl_1/multi_seg_controler.bit} [get_hw_devices xc7a35t_0]
program_hw_devices [get_hw_devices xc7a35t_0]
INFO: [Labtools 27-3164] End of startup status: HIGH
refresh_hw_device [lindex [get_hw_devices xc7a35t_0] 0]
INFO: [Labtools 27-1434] Device xc7a35t (JTAG device index = 0) is programmed with a design that has no supported debug core(s) in it.
reset_run synth_1
WARNING: [Vivado 12-1017] Problems encountered:
1. Failed to delete one or more files in run directory C:/Users/Administrator/Downloads/LANDrop/Seg_Display/Seg_Display.runs/synth_1

launch_runs impl_1 -to_step write_bitstream -jobs 8
[Thu Sep  8 00:22:04 2022] Launched synth_1...
Run output will be captured here: C:/Users/Administrator/Downloads/LANDrop/Seg_Display/Seg_Display.runs/synth_1/runme.log
[Thu Sep  8 00:22:04 2022] Launched impl_1...
Run output will be captured here: C:/Users/Administrator/Downloads/LANDrop/Seg_Display/Seg_Display.runs/impl_1/runme.log
set_property PROBES.FILE {} [get_hw_devices xc7a35t_0]
set_property FULL_PROBES.FILE {} [get_hw_devices xc7a35t_0]
set_property PROGRAM.FILE {C:/Users/Administrator/Downloads/LANDrop/Seg_Display/Seg_Display.runs/impl_1/multi_seg_controler.bit} [get_hw_devices xc7a35t_0]
program_hw_devices [get_hw_devices xc7a35t_0]
INFO: [Labtools 27-3164] End of startup status: HIGH
refresh_hw_device [lindex [get_hw_devices xc7a35t_0] 0]
INFO: [Labtools 27-1434] Device xc7a35t (JTAG device index = 0) is programmed with a design that has no supported debug core(s) in it.
set_property PROBES.FILE {} [get_hw_devices xc7a35t_0]
set_property FULL_PROBES.FILE {} [get_hw_devices xc7a35t_0]
set_property PROGRAM.FILE {C:/Users/Administrator/Downloads/LANDrop/Seg_Display/Seg_Display.runs/impl_1/multi_seg_controler.bit} [get_hw_devices xc7a35t_0]
program_hw_devices [get_hw_devices xc7a35t_0]
INFO: [Labtools 27-3164] End of startup status: HIGH
refresh_hw_device [lindex [get_hw_devices xc7a35t_0] 0]
INFO: [Labtools 27-1434] Device xc7a35t (JTAG device index = 0) is programmed with a design that has no supported debug core(s) in it.
update_compile_order -fileset sources_1
update_compile_order -fileset sources_1
reset_run synth_1
WARNING: [Vivado 12-1017] Problems encountered:
1. Failed to delete one or more files in run directory C:/Users/Administrator/Downloads/LANDrop/Seg_Display/Seg_Display.runs/synth_1

launch_runs impl_1 -to_step write_bitstream -jobs 8
[Thu Sep  8 00:24:33 2022] Launched synth_1...
Run output will be captured here: C:/Users/Administrator/Downloads/LANDrop/Seg_Display/Seg_Display.runs/synth_1/runme.log
[Thu Sep  8 00:24:33 2022] Launched impl_1...
Run output will be captured here: C:/Users/Administrator/Downloads/LANDrop/Seg_Display/Seg_Display.runs/impl_1/runme.log
reset_run synth_1
WARNING: [Vivado 12-1017] Problems encountered:
1. Failed to delete one or more files in run directory C:/Users/Administrator/Downloads/LANDrop/Seg_Display/Seg_Display.runs/synth_1

launch_runs impl_1 -to_step write_bitstream -jobs 8
[Thu Sep  8 00:26:14 2022] Launched synth_1...
Run output will be captured here: C:/Users/Administrator/Downloads/LANDrop/Seg_Display/Seg_Display.runs/synth_1/runme.log
[Thu Sep  8 00:26:14 2022] Launched impl_1...
Run output will be captured here: C:/Users/Administrator/Downloads/LANDrop/Seg_Display/Seg_Display.runs/impl_1/runme.log
update_compile_order -fileset sources_1
reset_run synth_1
WARNING: [Vivado 12-1017] Problems encountered:
1. Failed to delete one or more files in run directory C:/Users/Administrator/Downloads/LANDrop/Seg_Display/Seg_Display.runs/synth_1

launch_runs impl_1 -to_step write_bitstream -jobs 8
[Thu Sep  8 00:28:37 2022] Launched synth_1...
Run output will be captured here: C:/Users/Administrator/Downloads/LANDrop/Seg_Display/Seg_Display.runs/synth_1/runme.log
[Thu Sep  8 00:28:37 2022] Launched impl_1...
Run output will be captured here: C:/Users/Administrator/Downloads/LANDrop/Seg_Display/Seg_Display.runs/impl_1/runme.log
update_compile_order -fileset sources_1
update_compile_order -fileset sources_1
reset_run synth_1
WARNING: [Vivado 12-1017] Problems encountered:
1. Failed to delete one or more files in run directory C:/Users/Administrator/Downloads/LANDrop/Seg_Display/Seg_Display.runs/synth_1

launch_runs impl_1 -to_step write_bitstream -jobs 8
[Thu Sep  8 00:28:53 2022] Launched synth_1...
Run output will be captured here: C:/Users/Administrator/Downloads/LANDrop/Seg_Display/Seg_Display.runs/synth_1/runme.log
[Thu Sep  8 00:28:53 2022] Launched impl_1...
Run output will be captured here: C:/Users/Administrator/Downloads/LANDrop/Seg_Display/Seg_Display.runs/impl_1/runme.log
set_property PROBES.FILE {} [get_hw_devices xc7a35t_0]
set_property FULL_PROBES.FILE {} [get_hw_devices xc7a35t_0]
set_property PROGRAM.FILE {C:/Users/Administrator/Downloads/LANDrop/Seg_Display/Seg_Display.runs/impl_1/multi_seg_controler.bit} [get_hw_devices xc7a35t_0]
program_hw_devices [get_hw_devices xc7a35t_0]
INFO: [Labtools 27-3164] End of startup status: HIGH
refresh_hw_device [lindex [get_hw_devices xc7a35t_0] 0]
INFO: [Labtools 27-1434] Device xc7a35t (JTAG device index = 0) is programmed with a design that has no supported debug core(s) in it.
reset_run impl_1 -prev_step 
launch_runs impl_1 -to_step write_bitstream -jobs 8
[Thu Sep  8 00:31:15 2022] Launched impl_1...
Run output will be captured here: C:/Users/Administrator/Downloads/LANDrop/Seg_Display/Seg_Display.runs/impl_1/runme.log
set_property PROBES.FILE {} [get_hw_devices xc7a35t_0]
set_property FULL_PROBES.FILE {} [get_hw_devices xc7a35t_0]
set_property PROGRAM.FILE {C:/Users/Administrator/Downloads/LANDrop/Seg_Display/Seg_Display.runs/impl_1/multi_seg_controler.bit} [get_hw_devices xc7a35t_0]
program_hw_devices [get_hw_devices xc7a35t_0]
INFO: [Labtools 27-3164] End of startup status: HIGH
refresh_hw_device [lindex [get_hw_devices xc7a35t_0] 0]
INFO: [Labtools 27-1434] Device xc7a35t (JTAG device index = 0) is programmed with a design that has no supported debug core(s) in it.
set_property PROBES.FILE {} [get_hw_devices xc7a35t_0]
set_property FULL_PROBES.FILE {} [get_hw_devices xc7a35t_0]
set_property PROGRAM.FILE {C:/Users/Administrator/Downloads/LANDrop/Seg_Display/Seg_Display.runs/impl_1/multi_seg_controler.bit} [get_hw_devices xc7a35t_0]
program_hw_devices [get_hw_devices xc7a35t_0]
INFO: [Labtools 27-3164] End of startup status: HIGH
refresh_hw_device [lindex [get_hw_devices xc7a35t_0] 0]
INFO: [Labtools 27-1434] Device xc7a35t (JTAG device index = 0) is programmed with a design that has no supported debug core(s) in it.
reset_run synth_1
WARNING: [Vivado 12-1017] Problems encountered:
1. Failed to delete one or more files in run directory C:/Users/Administrator/Downloads/LANDrop/Seg_Display/Seg_Display.runs/synth_1

launch_runs impl_1 -to_step write_bitstream -jobs 8
[Thu Sep  8 00:34:37 2022] Launched synth_1...
Run output will be captured here: C:/Users/Administrator/Downloads/LANDrop/Seg_Display/Seg_Display.runs/synth_1/runme.log
[Thu Sep  8 00:34:37 2022] Launched impl_1...
Run output will be captured here: C:/Users/Administrator/Downloads/LANDrop/Seg_Display/Seg_Display.runs/impl_1/runme.log
set_property PROBES.FILE {} [get_hw_devices xc7a35t_0]
set_property FULL_PROBES.FILE {} [get_hw_devices xc7a35t_0]
set_property PROGRAM.FILE {C:/Users/Administrator/Downloads/LANDrop/Seg_Display/Seg_Display.runs/impl_1/multi_seg_controler.bit} [get_hw_devices xc7a35t_0]
program_hw_devices [get_hw_devices xc7a35t_0]
INFO: [Labtools 27-3164] End of startup status: HIGH
refresh_hw_device [lindex [get_hw_devices xc7a35t_0] 0]
INFO: [Labtools 27-1434] Device xc7a35t (JTAG device index = 0) is programmed with a design that has no supported debug core(s) in it.
update_compile_order -fileset sources_1
reset_run synth_1
WARNING: [Vivado 12-1017] Problems encountered:
1. Failed to delete one or more files in run directory C:/Users/Administrator/Downloads/LANDrop/Seg_Display/Seg_Display.runs/synth_1

launch_runs impl_1 -to_step write_bitstream -jobs 8
[Thu Sep  8 00:37:05 2022] Launched synth_1...
Run output will be captured here: C:/Users/Administrator/Downloads/LANDrop/Seg_Display/Seg_Display.runs/synth_1/runme.log
[Thu Sep  8 00:37:05 2022] Launched impl_1...
Run output will be captured here: C:/Users/Administrator/Downloads/LANDrop/Seg_Display/Seg_Display.runs/impl_1/runme.log
set_property PROBES.FILE {} [get_hw_devices xc7a35t_0]
set_property FULL_PROBES.FILE {} [get_hw_devices xc7a35t_0]
set_property PROGRAM.FILE {C:/Users/Administrator/Downloads/LANDrop/Seg_Display/Seg_Display.runs/impl_1/seg_single_display.bit} [get_hw_devices xc7a35t_0]
program_hw_devices [get_hw_devices xc7a35t_0]
INFO: [Labtools 27-3164] End of startup status: HIGH
refresh_hw_device [lindex [get_hw_devices xc7a35t_0] 0]
INFO: [Labtools 27-1434] Device xc7a35t (JTAG device index = 0) is programmed with a design that has no supported debug core(s) in it.
reset_run synth_1
WARNING: [Vivado 12-1017] Problems encountered:
1. Failed to delete one or more files in run directory C:/Users/Administrator/Downloads/LANDrop/Seg_Display/Seg_Display.runs/synth_1

launch_runs impl_1 -to_step write_bitstream -jobs 8
[Thu Sep  8 00:40:00 2022] Launched synth_1...
Run output will be captured here: C:/Users/Administrator/Downloads/LANDrop/Seg_Display/Seg_Display.runs/synth_1/runme.log
[Thu Sep  8 00:40:00 2022] Launched impl_1...
Run output will be captured here: C:/Users/Administrator/Downloads/LANDrop/Seg_Display/Seg_Display.runs/impl_1/runme.log
update_compile_order -fileset sources_1
update_compile_order -fileset sources_1
set_property PROBES.FILE {} [get_hw_devices xc7a35t_0]
set_property FULL_PROBES.FILE {} [get_hw_devices xc7a35t_0]
set_property PROGRAM.FILE {C:/Users/Administrator/Downloads/LANDrop/Seg_Display/Seg_Display.runs/impl_1/seg_single_display.bit} [get_hw_devices xc7a35t_0]
program_hw_devices [get_hw_devices xc7a35t_0]
INFO: [Labtools 27-3164] End of startup status: HIGH
refresh_hw_device [lindex [get_hw_devices xc7a35t_0] 0]
INFO: [Labtools 27-1434] Device xc7a35t (JTAG device index = 0) is programmed with a design that has no supported debug core(s) in it.
update_compile_order -fileset sources_1
reset_run synth_1
WARNING: [Vivado 12-1017] Problems encountered:
1. Failed to delete one or more files in run directory C:/Users/Administrator/Downloads/LANDrop/Seg_Display/Seg_Display.runs/synth_1

launch_runs impl_1 -to_step write_bitstream -jobs 8
[Thu Sep  8 00:41:42 2022] Launched synth_1...
Run output will be captured here: C:/Users/Administrator/Downloads/LANDrop/Seg_Display/Seg_Display.runs/synth_1/runme.log
[Thu Sep  8 00:41:42 2022] Launched impl_1...
Run output will be captured here: C:/Users/Administrator/Downloads/LANDrop/Seg_Display/Seg_Display.runs/impl_1/runme.log
set_property PROBES.FILE {} [get_hw_devices xc7a35t_0]
set_property FULL_PROBES.FILE {} [get_hw_devices xc7a35t_0]
set_property PROGRAM.FILE {C:/Users/Administrator/Downloads/LANDrop/Seg_Display/Seg_Display.runs/impl_1/multi_seg_controler.bit} [get_hw_devices xc7a35t_0]
program_hw_devices [get_hw_devices xc7a35t_0]
INFO: [Labtools 27-3164] End of startup status: HIGH
refresh_hw_device [lindex [get_hw_devices xc7a35t_0] 0]
INFO: [Labtools 27-1434] Device xc7a35t (JTAG device index = 0) is programmed with a design that has no supported debug core(s) in it.
reset_run synth_1
WARNING: [Vivado 12-1017] Problems encountered:
1. Failed to delete one or more files in run directory C:/Users/Administrator/Downloads/LANDrop/Seg_Display/Seg_Display.runs/synth_1

launch_runs impl_1 -to_step write_bitstream -jobs 8
[Thu Sep  8 00:43:58 2022] Launched synth_1...
Run output will be captured here: C:/Users/Administrator/Downloads/LANDrop/Seg_Display/Seg_Display.runs/synth_1/runme.log
[Thu Sep  8 00:43:58 2022] Launched impl_1...
Run output will be captured here: C:/Users/Administrator/Downloads/LANDrop/Seg_Display/Seg_Display.runs/impl_1/runme.log
set_property PROBES.FILE {} [get_hw_devices xc7a35t_0]
set_property FULL_PROBES.FILE {} [get_hw_devices xc7a35t_0]
set_property PROGRAM.FILE {C:/Users/Administrator/Downloads/LANDrop/Seg_Display/Seg_Display.runs/impl_1/multi_seg_controler.bit} [get_hw_devices xc7a35t_0]
program_hw_devices [get_hw_devices xc7a35t_0]
INFO: [Labtools 27-3164] End of startup status: HIGH
refresh_hw_device [lindex [get_hw_devices xc7a35t_0] 0]
INFO: [Labtools 27-1434] Device xc7a35t (JTAG device index = 0) is programmed with a design that has no supported debug core(s) in it.
reset_run synth_1
WARNING: [Vivado 12-1017] Problems encountered:
1. Failed to delete one or more files in run directory C:/Users/Administrator/Downloads/LANDrop/Seg_Display/Seg_Display.runs/synth_1

launch_runs impl_1 -to_step write_bitstream -jobs 8
[Thu Sep  8 00:46:00 2022] Launched synth_1...
Run output will be captured here: C:/Users/Administrator/Downloads/LANDrop/Seg_Display/Seg_Display.runs/synth_1/runme.log
[Thu Sep  8 00:46:00 2022] Launched impl_1...
Run output will be captured here: C:/Users/Administrator/Downloads/LANDrop/Seg_Display/Seg_Display.runs/impl_1/runme.log
reset_run synth_1
WARNING: [Vivado 12-1017] Problems encountered:
1. PID not specified
2. Failed to delete one or more files in run directory C:/Users/Administrator/Downloads/LANDrop/Seg_Display/Seg_Display.runs/synth_1

launch_runs impl_1 -to_step write_bitstream -jobs 8
[Thu Sep  8 00:46:25 2022] Launched synth_1...
Run output will be captured here: C:/Users/Administrator/Downloads/LANDrop/Seg_Display/Seg_Display.runs/synth_1/runme.log
[Thu Sep  8 00:46:25 2022] Launched impl_1...
Run output will be captured here: C:/Users/Administrator/Downloads/LANDrop/Seg_Display/Seg_Display.runs/impl_1/runme.log
update_compile_order -fileset sources_1
reset_run synth_1
WARNING: [Vivado 12-1017] Problems encountered:
1. Failed to delete one or more files in run directory C:/Users/Administrator/Downloads/LANDrop/Seg_Display/Seg_Display.runs/synth_1

launch_runs impl_1 -to_step write_bitstream -jobs 8
[Thu Sep  8 00:47:41 2022] Launched synth_1...
Run output will be captured here: C:/Users/Administrator/Downloads/LANDrop/Seg_Display/Seg_Display.runs/synth_1/runme.log
[Thu Sep  8 00:47:41 2022] Launched impl_1...
Run output will be captured here: C:/Users/Administrator/Downloads/LANDrop/Seg_Display/Seg_Display.runs/impl_1/runme.log
set_property PROBES.FILE {} [get_hw_devices xc7a35t_0]
set_property FULL_PROBES.FILE {} [get_hw_devices xc7a35t_0]
set_property PROGRAM.FILE {C:/Users/Administrator/Downloads/LANDrop/Seg_Display/Seg_Display.runs/impl_1/multi_seg_controler.bit} [get_hw_devices xc7a35t_0]
program_hw_devices [get_hw_devices xc7a35t_0]
INFO: [Labtools 27-3164] End of startup status: HIGH
refresh_hw_device [lindex [get_hw_devices xc7a35t_0] 0]
INFO: [Labtools 27-1434] Device xc7a35t (JTAG device index = 0) is programmed with a design that has no supported debug core(s) in it.
reset_run synth_1
WARNING: [Vivado 12-1017] Problems encountered:
1. Failed to delete one or more files in run directory C:/Users/Administrator/Downloads/LANDrop/Seg_Display/Seg_Display.runs/synth_1

launch_runs impl_1 -to_step write_bitstream -jobs 8
[Thu Sep  8 00:51:08 2022] Launched synth_1...
Run output will be captured here: C:/Users/Administrator/Downloads/LANDrop/Seg_Display/Seg_Display.runs/synth_1/runme.log
[Thu Sep  8 00:51:08 2022] Launched impl_1...
Run output will be captured here: C:/Users/Administrator/Downloads/LANDrop/Seg_Display/Seg_Display.runs/impl_1/runme.log
update_compile_order -fileset sources_1
reset_run impl_1
reset_run synth_1
WARNING: [Vivado 12-1017] Problems encountered:
1. Failed to delete one or more files in run directory C:/Users/Administrator/Downloads/LANDrop/Seg_Display/Seg_Display.runs/synth_1

launch_runs impl_1 -to_step write_bitstream -jobs 8
[Thu Sep  8 00:51:56 2022] Launched synth_1...
Run output will be captured here: C:/Users/Administrator/Downloads/LANDrop/Seg_Display/Seg_Display.runs/synth_1/runme.log
[Thu Sep  8 00:51:56 2022] Launched impl_1...
Run output will be captured here: C:/Users/Administrator/Downloads/LANDrop/Seg_Display/Seg_Display.runs/impl_1/runme.log
set_property PROBES.FILE {} [get_hw_devices xc7a35t_0]
set_property FULL_PROBES.FILE {} [get_hw_devices xc7a35t_0]
set_property PROGRAM.FILE {C:/Users/Administrator/Downloads/LANDrop/Seg_Display/Seg_Display.runs/impl_1/multi_seg_controler.bit} [get_hw_devices xc7a35t_0]
program_hw_devices [get_hw_devices xc7a35t_0]
INFO: [Labtools 27-3164] End of startup status: HIGH
refresh_hw_device [lindex [get_hw_devices xc7a35t_0] 0]
INFO: [Labtools 27-1434] Device xc7a35t (JTAG device index = 0) is programmed with a design that has no supported debug core(s) in it.
update_compile_order -fileset sources_1
reset_run synth_1
WARNING: [Vivado 12-1017] Problems encountered:
1. Failed to delete one or more files in run directory C:/Users/Administrator/Downloads/LANDrop/Seg_Display/Seg_Display.runs/synth_1

launch_runs impl_1 -to_step write_bitstream -jobs 8
[Thu Sep  8 00:58:33 2022] Launched synth_1...
Run output will be captured here: C:/Users/Administrator/Downloads/LANDrop/Seg_Display/Seg_Display.runs/synth_1/runme.log
[Thu Sep  8 00:58:33 2022] Launched impl_1...
Run output will be captured here: C:/Users/Administrator/Downloads/LANDrop/Seg_Display/Seg_Display.runs/impl_1/runme.log
reset_run impl_1
launch_runs impl_1 -to_step write_bitstream -jobs 8
[Thu Sep  8 01:01:02 2022] Launched impl_1...
Run output will be captured here: C:/Users/Administrator/Downloads/LANDrop/Seg_Display/Seg_Display.runs/impl_1/runme.log
update_compile_order -fileset sources_1
reset_run synth_1
WARNING: [Vivado 12-1017] Problems encountered:
1. Failed to delete one or more files in run directory C:/Users/Administrator/Downloads/LANDrop/Seg_Display/Seg_Display.runs/synth_1

launch_runs impl_1 -to_step write_bitstream -jobs 8
[Thu Sep  8 01:02:21 2022] Launched synth_1...
Run output will be captured here: C:/Users/Administrator/Downloads/LANDrop/Seg_Display/Seg_Display.runs/synth_1/runme.log
[Thu Sep  8 01:02:21 2022] Launched impl_1...
Run output will be captured here: C:/Users/Administrator/Downloads/LANDrop/Seg_Display/Seg_Display.runs/impl_1/runme.log
set_property PROBES.FILE {} [get_hw_devices xc7a35t_0]
set_property FULL_PROBES.FILE {} [get_hw_devices xc7a35t_0]
set_property PROGRAM.FILE {C:/Users/Administrator/Downloads/LANDrop/Seg_Display/Seg_Display.runs/impl_1/multi_seg_controler.bit} [get_hw_devices xc7a35t_0]
program_hw_devices [get_hw_devices xc7a35t_0]
INFO: [Labtools 27-3164] End of startup status: HIGH
refresh_hw_device [lindex [get_hw_devices xc7a35t_0] 0]
INFO: [Labtools 27-1434] Device xc7a35t (JTAG device index = 0) is programmed with a design that has no supported debug core(s) in it.
reset_run impl_1 -prev_step 
launch_runs impl_1 -to_step write_bitstream -jobs 8
[Thu Sep  8 01:04:41 2022] Launched impl_1...
Run output will be captured here: C:/Users/Administrator/Downloads/LANDrop/Seg_Display/Seg_Display.runs/impl_1/runme.log
update_compile_order -fileset sources_1
reset_run impl_1 -prev_step 
WARNING: [Vivado 12-1017] Problems encountered:
1. PID not specified

reset_run synth_1
WARNING: [Vivado 12-1017] Problems encountered:
1. PID not specified
2. Failed to delete one or more files in run directory C:/Users/Administrator/Downloads/LANDrop/Seg_Display/Seg_Display.runs/synth_1

launch_runs impl_1 -to_step write_bitstream -jobs 8
[Thu Sep  8 01:04:54 2022] Launched synth_1...
Run output will be captured here: C:/Users/Administrator/Downloads/LANDrop/Seg_Display/Seg_Display.runs/synth_1/runme.log
[Thu Sep  8 01:04:54 2022] Launched impl_1...
Run output will be captured here: C:/Users/Administrator/Downloads/LANDrop/Seg_Display/Seg_Display.runs/impl_1/runme.log
reset_run synth_1
WARNING: [Vivado 12-1017] Problems encountered:
1. Failed to delete one or more files in run directory C:/Users/Administrator/Downloads/LANDrop/Seg_Display/Seg_Display.runs/synth_1

launch_runs impl_1 -to_step write_bitstream -jobs 8
[Thu Sep  8 01:07:31 2022] Launched synth_1...
Run output will be captured here: C:/Users/Administrator/Downloads/LANDrop/Seg_Display/Seg_Display.runs/synth_1/runme.log
[Thu Sep  8 01:07:31 2022] Launched impl_1...
Run output will be captured here: C:/Users/Administrator/Downloads/LANDrop/Seg_Display/Seg_Display.runs/impl_1/runme.log
reset_run synth_1
WARNING: [Vivado 12-1017] Problems encountered:
1. Failed to delete one or more files in run directory C:/Users/Administrator/Downloads/LANDrop/Seg_Display/Seg_Display.runs/synth_1

launch_runs impl_1 -to_step write_bitstream -jobs 8
[Thu Sep  8 01:08:43 2022] Launched synth_1...
Run output will be captured here: C:/Users/Administrator/Downloads/LANDrop/Seg_Display/Seg_Display.runs/synth_1/runme.log
[Thu Sep  8 01:08:43 2022] Launched impl_1...
Run output will be captured here: C:/Users/Administrator/Downloads/LANDrop/Seg_Display/Seg_Display.runs/impl_1/runme.log
set_property PROBES.FILE {} [get_hw_devices xc7a35t_0]
set_property FULL_PROBES.FILE {} [get_hw_devices xc7a35t_0]
set_property PROGRAM.FILE {C:/Users/Administrator/Downloads/LANDrop/Seg_Display/Seg_Display.runs/impl_1/multi_seg_controler.bit} [get_hw_devices xc7a35t_0]
program_hw_devices [get_hw_devices xc7a35t_0]
INFO: [Labtools 27-3164] End of startup status: HIGH
refresh_hw_device [lindex [get_hw_devices xc7a35t_0] 0]
INFO: [Labtools 27-1434] Device xc7a35t (JTAG device index = 0) is programmed with a design that has no supported debug core(s) in it.
reset_run synth_1
WARNING: [Vivado 12-1017] Problems encountered:
1. Failed to delete one or more files in run directory C:/Users/Administrator/Downloads/LANDrop/Seg_Display/Seg_Display.runs/synth_1

launch_runs impl_1 -to_step write_bitstream -jobs 8
[Thu Sep  8 01:10:30 2022] Launched synth_1...
Run output will be captured here: C:/Users/Administrator/Downloads/LANDrop/Seg_Display/Seg_Display.runs/synth_1/runme.log
[Thu Sep  8 01:10:30 2022] Launched impl_1...
Run output will be captured here: C:/Users/Administrator/Downloads/LANDrop/Seg_Display/Seg_Display.runs/impl_1/runme.log
set_property PROBES.FILE {} [get_hw_devices xc7a35t_0]
set_property FULL_PROBES.FILE {} [get_hw_devices xc7a35t_0]
set_property PROGRAM.FILE {C:/Users/Administrator/Downloads/LANDrop/Seg_Display/Seg_Display.runs/impl_1/multi_seg_controler.bit} [get_hw_devices xc7a35t_0]
program_hw_devices [get_hw_devices xc7a35t_0]
INFO: [Labtools 27-3164] End of startup status: HIGH
refresh_hw_device [lindex [get_hw_devices xc7a35t_0] 0]
INFO: [Labtools 27-1434] Device xc7a35t (JTAG device index = 0) is programmed with a design that has no supported debug core(s) in it.
set_property PROBES.FILE {} [get_hw_devices xc7a35t_0]
set_property FULL_PROBES.FILE {} [get_hw_devices xc7a35t_0]
set_property PROGRAM.FILE {C:/Users/Administrator/Downloads/LANDrop/Seg_Display/Seg_Display.runs/impl_1/multi_seg_controler.bit} [get_hw_devices xc7a35t_0]
program_hw_devices [get_hw_devices xc7a35t_0]
INFO: [Labtools 27-3164] End of startup status: HIGH
refresh_hw_device [lindex [get_hw_devices xc7a35t_0] 0]
INFO: [Labtools 27-1434] Device xc7a35t (JTAG device index = 0) is programmed with a design that has no supported debug core(s) in it.
reset_run synth_1
WARNING: [Vivado 12-1017] Problems encountered:
1. Failed to delete one or more files in run directory C:/Users/Administrator/Downloads/LANDrop/Seg_Display/Seg_Display.runs/synth_1

launch_runs impl_1 -to_step write_bitstream -jobs 8
[Thu Sep  8 01:14:37 2022] Launched synth_1...
Run output will be captured here: C:/Users/Administrator/Downloads/LANDrop/Seg_Display/Seg_Display.runs/synth_1/runme.log
[Thu Sep  8 01:14:37 2022] Launched impl_1...
Run output will be captured here: C:/Users/Administrator/Downloads/LANDrop/Seg_Display/Seg_Display.runs/impl_1/runme.log
reset_run impl_1
reset_run synth_1
WARNING: [Vivado 12-1017] Problems encountered:
1. Failed to delete one or more files in run directory C:/Users/Administrator/Downloads/LANDrop/Seg_Display/Seg_Display.runs/synth_1

launch_runs impl_1 -to_step write_bitstream -jobs 8
[Thu Sep  8 01:15:22 2022] Launched synth_1...
Run output will be captured here: C:/Users/Administrator/Downloads/LANDrop/Seg_Display/Seg_Display.runs/synth_1/runme.log
[Thu Sep  8 01:15:22 2022] Launched impl_1...
Run output will be captured here: C:/Users/Administrator/Downloads/LANDrop/Seg_Display/Seg_Display.runs/impl_1/runme.log
set_property PROBES.FILE {} [get_hw_devices xc7a35t_0]
set_property FULL_PROBES.FILE {} [get_hw_devices xc7a35t_0]
set_property PROGRAM.FILE {C:/Users/Administrator/Downloads/LANDrop/Seg_Display/Seg_Display.runs/impl_1/multi_seg_controler.bit} [get_hw_devices xc7a35t_0]
program_hw_devices [get_hw_devices xc7a35t_0]
INFO: [Labtools 27-3164] End of startup status: HIGH
refresh_hw_device [lindex [get_hw_devices xc7a35t_0] 0]
INFO: [Labtools 27-1434] Device xc7a35t (JTAG device index = 0) is programmed with a design that has no supported debug core(s) in it.
reset_run synth_1
WARNING: [Vivado 12-1017] Problems encountered:
1. Failed to delete one or more files in run directory C:/Users/Administrator/Downloads/LANDrop/Seg_Display/Seg_Display.runs/synth_1

launch_runs impl_1 -to_step write_bitstream -jobs 8
[Thu Sep  8 01:17:02 2022] Launched synth_1...
Run output will be captured here: C:/Users/Administrator/Downloads/LANDrop/Seg_Display/Seg_Display.runs/synth_1/runme.log
[Thu Sep  8 01:17:02 2022] Launched impl_1...
Run output will be captured here: C:/Users/Administrator/Downloads/LANDrop/Seg_Display/Seg_Display.runs/impl_1/runme.log
set_property PROBES.FILE {} [get_hw_devices xc7a35t_0]
set_property FULL_PROBES.FILE {} [get_hw_devices xc7a35t_0]
set_property PROGRAM.FILE {C:/Users/Administrator/Downloads/LANDrop/Seg_Display/Seg_Display.runs/impl_1/multi_seg_controler.bit} [get_hw_devices xc7a35t_0]
program_hw_devices [get_hw_devices xc7a35t_0]
INFO: [Labtools 27-3164] End of startup status: HIGH
refresh_hw_device [lindex [get_hw_devices xc7a35t_0] 0]
INFO: [Labtools 27-1434] Device xc7a35t (JTAG device index = 0) is programmed with a design that has no supported debug core(s) in it.
reset_run synth_1
WARNING: [Vivado 12-1017] Problems encountered:
1. Failed to delete one or more files in run directory C:/Users/Administrator/Downloads/LANDrop/Seg_Display/Seg_Display.runs/synth_1

launch_runs impl_1 -to_step write_bitstream -jobs 8
[Thu Sep  8 01:20:16 2022] Launched synth_1...
Run output will be captured here: C:/Users/Administrator/Downloads/LANDrop/Seg_Display/Seg_Display.runs/synth_1/runme.log
[Thu Sep  8 01:20:16 2022] Launched impl_1...
Run output will be captured here: C:/Users/Administrator/Downloads/LANDrop/Seg_Display/Seg_Display.runs/impl_1/runme.log
set_property PROBES.FILE {} [get_hw_devices xc7a35t_0]
set_property FULL_PROBES.FILE {} [get_hw_devices xc7a35t_0]
set_property PROGRAM.FILE {C:/Users/Administrator/Downloads/LANDrop/Seg_Display/Seg_Display.runs/impl_1/multi_seg_controler.bit} [get_hw_devices xc7a35t_0]
program_hw_devices [get_hw_devices xc7a35t_0]
INFO: [Labtools 27-3164] End of startup status: HIGH
refresh_hw_device [lindex [get_hw_devices xc7a35t_0] 0]
INFO: [Labtools 27-1434] Device xc7a35t (JTAG device index = 0) is programmed with a design that has no supported debug core(s) in it.
reset_run synth_1
WARNING: [Vivado 12-1017] Problems encountered:
1. Failed to delete one or more files in run directory C:/Users/Administrator/Downloads/LANDrop/Seg_Display/Seg_Display.runs/synth_1

launch_runs impl_1 -to_step write_bitstream -jobs 8
[Thu Sep  8 01:23:19 2022] Launched synth_1...
Run output will be captured here: C:/Users/Administrator/Downloads/LANDrop/Seg_Display/Seg_Display.runs/synth_1/runme.log
[Thu Sep  8 01:23:19 2022] Launched impl_1...
Run output will be captured here: C:/Users/Administrator/Downloads/LANDrop/Seg_Display/Seg_Display.runs/impl_1/runme.log
set_property PROBES.FILE {} [get_hw_devices xc7a35t_0]
set_property FULL_PROBES.FILE {} [get_hw_devices xc7a35t_0]
set_property PROGRAM.FILE {C:/Users/Administrator/Downloads/LANDrop/Seg_Display/Seg_Display.runs/impl_1/multi_seg_controler.bit} [get_hw_devices xc7a35t_0]
program_hw_devices [get_hw_devices xc7a35t_0]
INFO: [Labtools 27-3164] End of startup status: HIGH
refresh_hw_device [lindex [get_hw_devices xc7a35t_0] 0]
INFO: [Labtools 27-1434] Device xc7a35t (JTAG device index = 0) is programmed with a design that has no supported debug core(s) in it.
reset_run synth_1
WARNING: [Vivado 12-1017] Problems encountered:
1. Failed to delete one or more files in run directory C:/Users/Administrator/Downloads/LANDrop/Seg_Display/Seg_Display.runs/synth_1

launch_runs impl_1 -to_step write_bitstream -jobs 8
[Thu Sep  8 01:26:49 2022] Launched synth_1...
Run output will be captured here: C:/Users/Administrator/Downloads/LANDrop/Seg_Display/Seg_Display.runs/synth_1/runme.log
[Thu Sep  8 01:26:50 2022] Launched impl_1...
Run output will be captured here: C:/Users/Administrator/Downloads/LANDrop/Seg_Display/Seg_Display.runs/impl_1/runme.log
set_property PROBES.FILE {} [get_hw_devices xc7a35t_0]
set_property FULL_PROBES.FILE {} [get_hw_devices xc7a35t_0]
set_property PROGRAM.FILE {C:/Users/Administrator/Downloads/LANDrop/Seg_Display/Seg_Display.runs/impl_1/multi_seg_controler.bit} [get_hw_devices xc7a35t_0]
program_hw_devices [get_hw_devices xc7a35t_0]
INFO: [Labtools 27-3164] End of startup status: HIGH
refresh_hw_device [lindex [get_hw_devices xc7a35t_0] 0]
INFO: [Labtools 27-1434] Device xc7a35t (JTAG device index = 0) is programmed with a design that has no supported debug core(s) in it.
reset_run synth_1
WARNING: [Vivado 12-1017] Problems encountered:
1. Failed to delete one or more files in run directory C:/Users/Administrator/Downloads/LANDrop/Seg_Display/Seg_Display.runs/synth_1

launch_runs impl_1 -to_step write_bitstream -jobs 8
[Thu Sep  8 01:29:20 2022] Launched synth_1...
Run output will be captured here: C:/Users/Administrator/Downloads/LANDrop/Seg_Display/Seg_Display.runs/synth_1/runme.log
[Thu Sep  8 01:29:20 2022] Launched impl_1...
Run output will be captured here: C:/Users/Administrator/Downloads/LANDrop/Seg_Display/Seg_Display.runs/impl_1/runme.log
set_property PROBES.FILE {} [get_hw_devices xc7a35t_0]
set_property FULL_PROBES.FILE {} [get_hw_devices xc7a35t_0]
set_property PROGRAM.FILE {C:/Users/Administrator/Downloads/LANDrop/Seg_Display/Seg_Display.runs/impl_1/multi_seg_controler.bit} [get_hw_devices xc7a35t_0]
program_hw_devices [get_hw_devices xc7a35t_0]
INFO: [Labtools 27-3164] End of startup status: HIGH
refresh_hw_device [lindex [get_hw_devices xc7a35t_0] 0]
INFO: [Labtools 27-1434] Device xc7a35t (JTAG device index = 0) is programmed with a design that has no supported debug core(s) in it.
exit
INFO: [Common 17-206] Exiting Vivado at Thu Sep  8 01:40:25 2022...
