#-----------------------------------------------------------
# Vivado v2018.3 (64-bit)
# SW Build 2405991 on Thu Dec  6 23:38:27 MST 2018
# IP Build 2404404 on Fri Dec  7 01:43:56 MST 2018
# Start of session at: Fri Nov 18 10:56:04 2022
# Process ID: 7940
# Current directory: C:/Users/Administrator/Desktop/All_In_One
# Command line: vivado.exe -gui_launcher_event rodinguilauncherevent6488 C:\Users\Administrator\Desktop\All_In_One\All_In_One.xpr
# Log file: C:/Users/Administrator/Desktop/All_In_One/vivado.log
# Journal file: C:/Users/Administrator/Desktop/All_In_One\vivado.jou
#-----------------------------------------------------------
start_gui
open_project C:/Users/Administrator/Desktop/All_In_One/All_In_One.xpr
Scanning sources...
Finished scanning sources
INFO: [IP_Flow 19-234] Refreshing IP repositories
INFO: [IP_Flow 19-1704] No user IP repositories specified
INFO: [IP_Flow 19-2313] Loaded Vivado IP repository 'E:/Xlinx/Vivado/2018.3/data/ip'.
open_project: Time (s): cpu = 00:00:17 ; elapsed = 00:00:06 . Memory (MB): peak = 759.660 ; gain = 146.262
update_compile_order -fileset sources_1
exit
INFO: [Common 17-206] Exiting Vivado at Fri Nov 18 10:57:18 2022...
